[ 2016-09-28T10:04:49+08:00 ] 127.0.0.1 /index.php/home/Index/login
INFO: [ app_init ] --START--
INFO: Run Behavior\BuildLiteBehavior [ RunTime:0.000000s ]
INFO: [ app_init ] --END-- [ RunTime:0.001001s ]
INFO: [ app_begin ] --START--
INFO: Run Behavior\ReadHtmlCacheBehavior [ RunTime:0.001000s ]
INFO: [ app_begin ] --END-- [ RunTime:0.001000s ]

[ 2016-09-28T10:04:49+08:00 ] 127.0.0.1 /index.php/Home/Login
INFO: [ app_init ] --START--
INFO: Run Behavior\BuildLiteBehavior [ RunTime:0.000000s ]
INFO: [ app_init ] --END-- [ RunTime:0.001000s ]
INFO: [ app_begin ] --START--
INFO: Run Behavior\ReadHtmlCacheBehavior [ RunTime:0.001000s ]
INFO: [ app_begin ] --END-- [ RunTime:0.001000s ]
INFO: [ view_parse ] --START--
INFO: [ template_filter ] --START--
INFO: Run Behavior\ContentReplaceBehavior [ RunTime:0.000000s ]
INFO: [ template_filter ] --END-- [ RunTime:0.001000s ]
INFO: Run Behavior\ParseTemplateBehavior [ RunTime:0.090005s ]
INFO: [ view_parse ] --END-- [ RunTime:0.090005s ]
INFO: [ view_filter ] --START--
INFO: Run Behavior\WriteHtmlCacheBehavior [ RunTime:0.009000s ]
INFO: [ view_filter ] --END-- [ RunTime:0.010000s ]
INFO: [ app_end ] --START--
INFO: Run Behavior\ShowPageTraceBehavior [ RunTime:0.003000s ]
INFO: [ app_end ] --END-- [ RunTime:0.003000s ]

[ 2016-09-28T10:05:49+08:00 ] 127.0.0.1 /index.php/Home/Login/check_user
INFO: [ app_init ] --START--
INFO: Run Behavior\BuildLiteBehavior [ RunTime:0.000000s ]
INFO: [ app_init ] --END-- [ RunTime:0.000000s ]
INFO: [ app_begin ] --START--
INFO: Run Behavior\ReadHtmlCacheBehavior [ RunTime:0.000000s ]
INFO: [ app_begin ] --END-- [ RunTime:0.000000s ]
SQL: SHOW COLUMNS FROM `supplier_user` [ RunTime:0.0156s ]
SQL: SHOW COLUMNS FROM `system_admin_powers` [ RunTime:0.0000s ]
SQL: SHOW COLUMNS FROM `system_admin_role` [ RunTime:0.0156s ]
SQL: SHOW COLUMNS FROM `system_admin_powers_node` [ RunTime:0.0000s ]
SQL: SELECT * FROM `supplier_user` WHERE `username` = 'dfawwa' LIMIT 1   [ RunTime:0.0000s ]

[ 2016-09-28T10:05:58+08:00 ] 127.0.0.1 /index.php/Home/Login/check_user
INFO: [ app_init ] --START--
INFO: Run Behavior\BuildLiteBehavior [ RunTime:0.000000s ]
INFO: [ app_init ] --END-- [ RunTime:0.000000s ]
INFO: [ app_begin ] --START--
INFO: Run Behavior\ReadHtmlCacheBehavior [ RunTime:0.000000s ]
INFO: [ app_begin ] --END-- [ RunTime:0.000000s ]
SQL: SHOW COLUMNS FROM `supplier_user` [ RunTime:0.0156s ]
SQL: SHOW COLUMNS FROM `system_admin_powers` [ RunTime:0.0156s ]
SQL: SHOW COLUMNS FROM `system_admin_role` [ RunTime:0.0000s ]
SQL: SHOW COLUMNS FROM `system_admin_powers_node` [ RunTime:0.0156s ]
SQL: SELECT * FROM `supplier_user` WHERE `username` = 'maomao' LIMIT 1   [ RunTime:0.0156s ]
NOTIC: [8] Undefined index: admin_id D:\gong\admin\Home\Controller\LoginController.class.php 第 48 行.

[ 2016-09-28T10:07:45+08:00 ] 127.0.0.1 /index.php/Home/Login/home
INFO: [ app_init ] --START--
INFO: Run Behavior\BuildLiteBehavior [ RunTime:0.000000s ]
INFO: [ app_init ] --END-- [ RunTime:0.000000s ]
INFO: [ app_begin ] --START--
INFO: Run Behavior\ReadHtmlCacheBehavior [ RunTime:0.000000s ]
INFO: [ app_begin ] --END-- [ RunTime:0.000000s ]
INFO: [ app_end ] --START--
INFO: Run Behavior\ShowPageTraceBehavior [ RunTime:0.001000s ]
INFO: [ app_end ] --END-- [ RunTime:0.001000s ]

[ 2016-09-28T10:08:21+08:00 ] 127.0.0.1 /index.php/Home/Login/home
INFO: [ app_init ] --START--
INFO: Run Behavior\BuildLiteBehavior [ RunTime:0.000000s ]
INFO: [ app_init ] --END-- [ RunTime:0.001000s ]
INFO: [ app_begin ] --START--
INFO: Run Behavior\ReadHtmlCacheBehavior [ RunTime:0.001000s ]
INFO: [ app_begin ] --END-- [ RunTime:0.001000s ]
INFO: [ app_end ] --START--
INFO: Run Behavior\ShowPageTraceBehavior [ RunTime:0.003000s ]
INFO: [ app_end ] --END-- [ RunTime:0.004000s ]

[ 2016-09-28T10:08:22+08:00 ] 127.0.0.1 /index.php/Home/Login/home
INFO: [ app_init ] --START--
INFO: Run Behavior\BuildLiteBehavior [ RunTime:0.000000s ]
INFO: [ app_init ] --END-- [ RunTime:0.001001s ]
INFO: [ app_begin ] --START--
INFO: Run Behavior\ReadHtmlCacheBehavior [ RunTime:0.001000s ]
INFO: [ app_begin ] --END-- [ RunTime:0.001000s ]
INFO: [ app_end ] --START--
INFO: Run Behavior\ShowPageTraceBehavior [ RunTime:0.003000s ]
INFO: [ app_end ] --END-- [ RunTime:0.003000s ]

[ 2016-09-28T10:08:22+08:00 ] 127.0.0.1 /index.php/Home/Login/home
INFO: [ app_init ] --START--
INFO: Run Behavior\BuildLiteBehavior [ RunTime:0.000000s ]
INFO: [ app_init ] --END-- [ RunTime:0.000000s ]
INFO: [ app_begin ] --START--
INFO: Run Behavior\ReadHtmlCacheBehavior [ RunTime:0.001000s ]
INFO: [ app_begin ] --END-- [ RunTime:0.001000s ]
INFO: [ app_end ] --START--
INFO: Run Behavior\ShowPageTraceBehavior [ RunTime:0.001000s ]
INFO: [ app_end ] --END-- [ RunTime:0.001000s ]

[ 2016-09-28T10:08:26+08:00 ] 127.0.0.1 /index.php/home/Index/login
INFO: [ app_init ] --START--
INFO: Run Behavior\BuildLiteBehavior [ RunTime:0.000000s ]
INFO: [ app_init ] --END-- [ RunTime:0.000000s ]
INFO: [ app_begin ] --START--
INFO: Run Behavior\ReadHtmlCacheBehavior [ RunTime:0.000000s ]
INFO: [ app_begin ] --END-- [ RunTime:0.001000s ]

[ 2016-09-28T10:08:26+08:00 ] 127.0.0.1 /index.php/Home/Login
INFO: [ app_init ] --START--
INFO: Run Behavior\BuildLiteBehavior [ RunTime:0.000000s ]
INFO: [ app_init ] --END-- [ RunTime:0.001000s ]
INFO: [ app_begin ] --START--
INFO: Run Behavior\ReadHtmlCacheBehavior [ RunTime:0.000000s ]
INFO: [ app_begin ] --END-- [ RunTime:0.000000s ]
INFO: [ view_parse ] --START--
INFO: [ template_filter ] --START--
INFO: Run Behavior\ContentReplaceBehavior [ RunTime:0.000000s ]
INFO: [ template_filter ] --END-- [ RunTime:0.000000s ]
INFO: Run Behavior\ParseTemplateBehavior [ RunTime:0.006000s ]
INFO: [ view_parse ] --END-- [ RunTime:0.006000s ]
INFO: [ view_filter ] --START--
INFO: Run Behavior\WriteHtmlCacheBehavior [ RunTime:0.000000s ]
INFO: [ view_filter ] --END-- [ RunTime:0.000000s ]
INFO: [ app_end ] --START--
INFO: Run Behavior\ShowPageTraceBehavior [ RunTime:0.000000s ]
INFO: [ app_end ] --END-- [ RunTime:0.001000s ]

[ 2016-09-28T10:08:30+08:00 ] 127.0.0.1 /index.php/Home/Login/check_user
INFO: [ app_init ] --START--
INFO: Run Behavior\BuildLiteBehavior [ RunTime:0.000000s ]
INFO: [ app_init ] --END-- [ RunTime:0.000000s ]
INFO: [ app_begin ] --START--
INFO: Run Behavior\ReadHtmlCacheBehavior [ RunTime:0.001000s ]
INFO: [ app_begin ] --END-- [ RunTime:0.001000s ]
SQL: SHOW COLUMNS FROM `supplier_user` [ RunTime:0.0000s ]
SQL: SHOW COLUMNS FROM `system_admin_powers` [ RunTime:0.0226s ]
SQL: SHOW COLUMNS FROM `system_admin_role` [ RunTime:0.0070s ]
SQL: SHOW COLUMNS FROM `system_admin_powers_node` [ RunTime:0.0080s ]
SQL: SELECT * FROM `supplier_user` WHERE `username` = 'maomao' LIMIT 1   [ RunTime:0.0160s ]
NOTIC: [8] Undefined index: admin_id D:\gong\admin\Home\Controller\LoginController.class.php 第 48 行.

[ 2016-09-28T10:08:32+08:00 ] 127.0.0.1 /index.php/Home/Login/home
INFO: [ app_init ] --START--
INFO: Run Behavior\BuildLiteBehavior [ RunTime:0.000000s ]
INFO: [ app_init ] --END-- [ RunTime:0.001000s ]
INFO: [ app_begin ] --START--
INFO: Run Behavior\ReadHtmlCacheBehavior [ RunTime:0.000000s ]
INFO: [ app_begin ] --END-- [ RunTime:0.001000s ]
INFO: [ app_end ] --START--
INFO: Run Behavior\ShowPageTraceBehavior [ RunTime:0.001000s ]
INFO: [ app_end ] --END-- [ RunTime:0.001000s ]

[ 2016-09-28T10:08:32+08:00 ] 127.0.0.1 /index.php/Home/Login/home
INFO: [ app_init ] --START--
INFO: Run Behavior\BuildLiteBehavior [ RunTime:0.000000s ]
INFO: [ app_init ] --END-- [ RunTime:0.001000s ]
INFO: [ app_begin ] --START--
INFO: Run Behavior\ReadHtmlCacheBehavior [ RunTime:0.001000s ]
INFO: [ app_begin ] --END-- [ RunTime:0.001000s ]
INFO: [ app_end ] --START--
INFO: Run Behavior\ShowPageTraceBehavior [ RunTime:0.001001s ]
INFO: [ app_end ] --END-- [ RunTime:0.002001s ]

[ 2016-09-28T10:08:32+08:00 ] 127.0.0.1 /index.php/Home/Login/home
INFO: [ app_init ] --START--
INFO: Run Behavior\BuildLiteBehavior [ RunTime:0.000000s ]
INFO: [ app_init ] --END-- [ RunTime:0.001000s ]
INFO: [ app_begin ] --START--
INFO: Run Behavior\ReadHtmlCacheBehavior [ RunTime:0.000000s ]
INFO: [ app_begin ] --END-- [ RunTime:0.000000s ]
INFO: [ app_end ] --START--
INFO: Run Behavior\ShowPageTraceBehavior [ RunTime:0.001000s ]
INFO: [ app_end ] --END-- [ RunTime:0.001000s ]

[ 2016-09-28T10:08:33+08:00 ] 127.0.0.1 /index.php/Home/Login/home
INFO: [ app_init ] --START--
INFO: Run Behavior\BuildLiteBehavior [ RunTime:0.000000s ]
INFO: [ app_init ] --END-- [ RunTime:0.001000s ]
INFO: [ app_begin ] --START--
INFO: Run Behavior\ReadHtmlCacheBehavior [ RunTime:0.001000s ]
INFO: [ app_begin ] --END-- [ RunTime:0.001000s ]
INFO: [ app_end ] --START--
INFO: Run Behavior\ShowPageTraceBehavior [ RunTime:0.001000s ]
INFO: [ app_end ] --END-- [ RunTime:0.001000s ]

[ 2016-09-28T10:08:33+08:00 ] 127.0.0.1 /index.php/Home/Login/home
INFO: [ app_init ] --START--
INFO: Run Behavior\BuildLiteBehavior [ RunTime:0.000000s ]
INFO: [ app_init ] --END-- [ RunTime:0.001000s ]
INFO: [ app_begin ] --START--
INFO: Run Behavior\ReadHtmlCacheBehavior [ RunTime:0.000000s ]
INFO: [ app_begin ] --END-- [ RunTime:0.000000s ]
INFO: [ app_end ] --START--
INFO: Run Behavior\ShowPageTraceBehavior [ RunTime:0.002000s ]
INFO: [ app_end ] --END-- [ RunTime:0.002000s ]

[ 2016-09-28T10:08:33+08:00 ] 127.0.0.1 /index.php/Home/Login/home
INFO: [ app_init ] --START--
INFO: Run Behavior\BuildLiteBehavior [ RunTime:0.001000s ]
INFO: [ app_init ] --END-- [ RunTime:0.001000s ]
INFO: [ app_begin ] --START--
INFO: Run Behavior\ReadHtmlCacheBehavior [ RunTime:0.001000s ]
INFO: [ app_begin ] --END-- [ RunTime:0.001000s ]
INFO: [ app_end ] --START--
INFO: Run Behavior\ShowPageTraceBehavior [ RunTime:0.003000s ]
INFO: [ app_end ] --END-- [ RunTime:0.005000s ]

[ 2016-09-28T10:08:33+08:00 ] 127.0.0.1 /index.php/Home/Login/home
INFO: [ app_init ] --START--
INFO: Run Behavior\BuildLiteBehavior [ RunTime:0.000000s ]
INFO: [ app_init ] --END-- [ RunTime:0.001001s ]
INFO: [ app_begin ] --START--
INFO: Run Behavior\ReadHtmlCacheBehavior [ RunTime:0.001000s ]
INFO: [ app_begin ] --END-- [ RunTime:0.001000s ]
INFO: [ app_end ] --START--
INFO: Run Behavior\ShowPageTraceBehavior [ RunTime:0.001000s ]
INFO: [ app_end ] --END-- [ RunTime:0.001000s ]

[ 2016-09-28T10:08:33+08:00 ] 127.0.0.1 /index.php/Home/Login/home
INFO: [ app_init ] --START--
INFO: Run Behavior\BuildLiteBehavior [ RunTime:0.000000s ]
INFO: [ app_init ] --END-- [ RunTime:0.001000s ]
INFO: [ app_begin ] --START--
INFO: Run Behavior\ReadHtmlCacheBehavior [ RunTime:0.001000s ]
INFO: [ app_begin ] --END-- [ RunTime:0.001000s ]
INFO: [ app_end ] --START--
INFO: Run Behavior\ShowPageTraceBehavior [ RunTime:0.001000s ]
INFO: [ app_end ] --END-- [ RunTime:0.001000s ]

[ 2016-09-28T10:08:34+08:00 ] 127.0.0.1 /index.php/Home/Login/home
INFO: [ app_init ] --START--
INFO: Run Behavior\BuildLiteBehavior [ RunTime:0.000000s ]
INFO: [ app_init ] --END-- [ RunTime:0.001000s ]
INFO: [ app_begin ] --START--
INFO: Run Behavior\ReadHtmlCacheBehavior [ RunTime:0.000000s ]
INFO: [ app_begin ] --END-- [ RunTime:0.000000s ]
INFO: [ app_end ] --START--
INFO: Run Behavior\ShowPageTraceBehavior [ RunTime:0.001000s ]
INFO: [ app_end ] --END-- [ RunTime:0.001000s ]

[ 2016-09-28T10:08:53+08:00 ] 127.0.0.1 /index.php/Home/Login/check_user
INFO: [ app_init ] --START--
INFO: Run Behavior\BuildLiteBehavior [ RunTime:0.000000s ]
INFO: [ app_init ] --END-- [ RunTime:0.000000s ]
INFO: [ app_begin ] --START--
INFO: Run Behavior\ReadHtmlCacheBehavior [ RunTime:0.000000s ]
INFO: [ app_begin ] --END-- [ RunTime:0.000000s ]
SQL: SHOW COLUMNS FROM `supplier_user` [ RunTime:0.0160s ]
SQL: SHOW COLUMNS FROM `system_admin_powers` [ RunTime:0.0070s ]
SQL: SHOW COLUMNS FROM `system_admin_role` [ RunTime:0.0140s ]
SQL: SHOW COLUMNS FROM `system_admin_powers_node` [ RunTime:0.0110s ]
SQL: SELECT * FROM `supplier_user` WHERE `username` = 'maomao' LIMIT 1   [ RunTime:0.0060s ]
NOTIC: [8] Undefined index: admin_id D:\gong\admin\Home\Controller\LoginController.class.php 第 48 行.

[ 2016-09-28T10:08:55+08:00 ] 127.0.0.1 /index.php/Home/Login/home
INFO: [ app_init ] --START--
INFO: Run Behavior\BuildLiteBehavior [ RunTime:0.000000s ]
INFO: [ app_init ] --END-- [ RunTime:0.001000s ]
INFO: [ app_begin ] --START--
INFO: Run Behavior\ReadHtmlCacheBehavior [ RunTime:0.001001s ]
INFO: [ app_begin ] --END-- [ RunTime:0.002001s ]
INFO: [ app_end ] --START--
INFO: Run Behavior\ShowPageTraceBehavior [ RunTime:0.001000s ]
INFO: [ app_end ] --END-- [ RunTime:0.003000s ]

[ 2016-09-28T10:08:55+08:00 ] 127.0.0.1 /index.php/Home/Login/home
INFO: [ app_init ] --START--
INFO: Run Behavior\BuildLiteBehavior [ RunTime:0.000000s ]
INFO: [ app_init ] --END-- [ RunTime:0.000000s ]
INFO: [ app_begin ] --START--
INFO: Run Behavior\ReadHtmlCacheBehavior [ RunTime:0.000000s ]
INFO: [ app_begin ] --END-- [ RunTime:0.000000s ]
INFO: [ app_end ] --START--
INFO: Run Behavior\ShowPageTraceBehavior [ RunTime:0.000000s ]
INFO: [ app_end ] --END-- [ RunTime:0.000000s ]

[ 2016-09-28T10:08:55+08:00 ] 127.0.0.1 /index.php/Home/Login/home
INFO: [ app_init ] --START--
INFO: Run Behavior\BuildLiteBehavior [ RunTime:0.000000s ]
INFO: [ app_init ] --END-- [ RunTime:0.001000s ]
INFO: [ app_begin ] --START--
INFO: Run Behavior\ReadHtmlCacheBehavior [ RunTime:0.000000s ]
INFO: [ app_begin ] --END-- [ RunTime:0.001000s ]
INFO: [ app_end ] --START--
INFO: Run Behavior\ShowPageTraceBehavior [ RunTime:0.011001s ]
INFO: [ app_end ] --END-- [ RunTime:0.012001s ]

[ 2016-09-28T10:09:18+08:00 ] 127.0.0.1 /index.php/Home/Login/home
INFO: [ app_init ] --START--
INFO: Run Behavior\BuildLiteBehavior [ RunTime:0.000000s ]
INFO: [ app_init ] --END-- [ RunTime:0.001000s ]
INFO: [ app_begin ] --START--
INFO: Run Behavior\ReadHtmlCacheBehavior [ RunTime:0.001000s ]
INFO: [ app_begin ] --END-- [ RunTime:0.001000s ]
INFO: [ app_end ] --START--
INFO: Run Behavior\ShowPageTraceBehavior [ RunTime:0.001000s ]
INFO: [ app_end ] --END-- [ RunTime:0.001000s ]

[ 2016-09-28T10:09:19+08:00 ] 127.0.0.1 /index.php/Home/Login/home
INFO: [ app_init ] --START--
INFO: Run Behavior\BuildLiteBehavior [ RunTime:0.000000s ]
INFO: [ app_init ] --END-- [ RunTime:0.001001s ]
INFO: [ app_begin ] --START--
INFO: Run Behavior\ReadHtmlCacheBehavior [ RunTime:0.001000s ]
INFO: [ app_begin ] --END-- [ RunTime:0.001000s ]
INFO: [ app_end ] --START--
INFO: Run Behavior\ShowPageTraceBehavior [ RunTime:0.002000s ]
INFO: [ app_end ] --END-- [ RunTime:0.002000s ]

[ 2016-09-28T10:09:23+08:00 ] 127.0.0.1 /index.php/Home/Login/check_user
INFO: [ app_init ] --START--
INFO: Run Behavior\BuildLiteBehavior [ RunTime:0.000000s ]
INFO: [ app_init ] --END-- [ RunTime:0.000000s ]
INFO: [ app_begin ] --START--
INFO: Run Behavior\ReadHtmlCacheBehavior [ RunTime:0.001000s ]
INFO: [ app_begin ] --END-- [ RunTime:0.001000s ]
SQL: SHOW COLUMNS FROM `supplier_user` [ RunTime:0.0156s ]
SQL: SHOW COLUMNS FROM `system_admin_powers` [ RunTime:0.0312s ]
SQL: SHOW COLUMNS FROM `system_admin_role` [ RunTime:0.0000s ]
SQL: SHOW COLUMNS FROM `system_admin_powers_node` [ RunTime:0.0312s ]
SQL: SELECT * FROM `supplier_user` WHERE `username` = 'maomao' LIMIT 1   [ RunTime:0.0050s ]
NOTIC: [8] Undefined index: admin_id D:\gong\admin\Home\Controller\LoginController.class.php 第 48 行.

[ 2016-09-28T10:09:25+08:00 ] 127.0.0.1 /index.php/Home/Login/home
INFO: [ app_init ] --START--
INFO: Run Behavior\BuildLiteBehavior [ RunTime:0.000000s ]
INFO: [ app_init ] --END-- [ RunTime:0.002000s ]
INFO: [ app_begin ] --START--
INFO: Run Behavior\ReadHtmlCacheBehavior [ RunTime:0.001000s ]
INFO: [ app_begin ] --END-- [ RunTime:0.001000s ]
INFO: [ app_end ] --START--
INFO: Run Behavior\ShowPageTraceBehavior [ RunTime:0.001000s ]
INFO: [ app_end ] --END-- [ RunTime:0.001000s ]

[ 2016-09-28T10:09:26+08:00 ] 127.0.0.1 /index.php/Home/Login/home
INFO: [ app_init ] --START--
INFO: Run Behavior\BuildLiteBehavior [ RunTime:0.000000s ]
INFO: [ app_init ] --END-- [ RunTime:0.001000s ]
INFO: [ app_begin ] --START--
INFO: Run Behavior\ReadHtmlCacheBehavior [ RunTime:0.000000s ]
INFO: [ app_begin ] --END-- [ RunTime:0.001000s ]
INFO: [ app_end ] --START--
INFO: Run Behavior\ShowPageTraceBehavior [ RunTime:0.000000s ]
INFO: [ app_end ] --END-- [ RunTime:0.001000s ]

[ 2016-09-28T10:09:27+08:00 ] 127.0.0.1 /index.php/Home/Login/home
INFO: [ app_init ] --START--
INFO: Run Behavior\BuildLiteBehavior [ RunTime:0.000000s ]
INFO: [ app_init ] --END-- [ RunTime:0.000000s ]
INFO: [ app_begin ] --START--
INFO: Run Behavior\ReadHtmlCacheBehavior [ RunTime:0.001000s ]
INFO: [ app_begin ] --END-- [ RunTime:0.002000s ]
INFO: [ app_end ] --START--
INFO: Run Behavior\ShowPageTraceBehavior [ RunTime:0.001000s ]
INFO: [ app_end ] --END-- [ RunTime:0.002001s ]

[ 2016-09-28T10:13:58+08:00 ] 127.0.0.1 /index.php/Home/Login/check_user
INFO: [ app_init ] --START--
INFO: Run Behavior\BuildLiteBehavior [ RunTime:0.000000s ]
INFO: [ app_init ] --END-- [ RunTime:0.000000s ]
INFO: [ app_begin ] --START--
INFO: Run Behavior\ReadHtmlCacheBehavior [ RunTime:0.000000s ]
INFO: [ app_begin ] --END-- [ RunTime:0.000000s ]
SQL: SHOW COLUMNS FROM `supplier_user` [ RunTime:0.0140s ]
SQL: SHOW COLUMNS FROM `system_admin_powers` [ RunTime:0.0220s ]
SQL: SHOW COLUMNS FROM `system_admin_role` [ RunTime:0.0150s ]
SQL: SHOW COLUMNS FROM `system_admin_powers_node` [ RunTime:0.0090s ]
SQL: SELECT * FROM `supplier_user` WHERE `username` = 'maomao' LIMIT 1   [ RunTime:0.0090s ]
NOTIC: [8] Undefined index: admin_id D:\gong\admin\Home\Controller\LoginController.class.php 第 52 行.

[ 2016-09-28T10:13:59+08:00 ] 127.0.0.1 /index.php/Home/Login/home
INFO: [ app_init ] --START--
INFO: Run Behavior\BuildLiteBehavior [ RunTime:0.001000s ]
INFO: [ app_init ] --END-- [ RunTime:0.001000s ]
INFO: [ app_begin ] --START--
INFO: Run Behavior\ReadHtmlCacheBehavior [ RunTime:0.001000s ]
INFO: [ app_begin ] --END-- [ RunTime:0.001000s ]
NOTIC: [8] Undefined index: userName D:\gong\admin\Home\Controller\CommonController.class.php 第 18 行.
NOTIC: [8] Undefined index: realName D:\gong\admin\Home\Controller\CommonController.class.php 第 19 行.
INFO: [ app_end ] --START--
INFO: Run Behavior\ShowPageTraceBehavior [ RunTime:0.000000s ]
INFO: [ app_end ] --END-- [ RunTime:0.001000s ]

[ 2016-09-28T10:14:00+08:00 ] 127.0.0.1 /index.php/Home/Login/home
INFO: [ app_init ] --START--
INFO: Run Behavior\BuildLiteBehavior [ RunTime:0.000000s ]
INFO: [ app_init ] --END-- [ RunTime:0.001000s ]
INFO: [ app_begin ] --START--
INFO: Run Behavior\ReadHtmlCacheBehavior [ RunTime:0.001000s ]
INFO: [ app_begin ] --END-- [ RunTime:0.001000s ]
NOTIC: [8] Undefined index: userName D:\gong\admin\Home\Controller\CommonController.class.php 第 18 行.
NOTIC: [8] Undefined index: realName D:\gong\admin\Home\Controller\CommonController.class.php 第 19 行.
INFO: [ app_end ] --START--
INFO: Run Behavior\ShowPageTraceBehavior [ RunTime:0.001000s ]
INFO: [ app_end ] --END-- [ RunTime:0.003000s ]

[ 2016-09-28T10:14:00+08:00 ] 127.0.0.1 /index.php/Home/Login/home
INFO: [ app_init ] --START--
INFO: Run Behavior\BuildLiteBehavior [ RunTime:0.000000s ]
INFO: [ app_init ] --END-- [ RunTime:0.001000s ]
INFO: [ app_begin ] --START--
INFO: Run Behavior\ReadHtmlCacheBehavior [ RunTime:0.001000s ]
INFO: [ app_begin ] --END-- [ RunTime:0.001000s ]
NOTIC: [8] Undefined index: userName D:\gong\admin\Home\Controller\CommonController.class.php 第 18 行.
NOTIC: [8] Undefined index: realName D:\gong\admin\Home\Controller\CommonController.class.php 第 19 行.
INFO: [ app_end ] --START--
INFO: Run Behavior\ShowPageTraceBehavior [ RunTime:0.000000s ]
INFO: [ app_end ] --END-- [ RunTime:0.001000s ]

[ 2016-09-28T10:14:01+08:00 ] 127.0.0.1 /index.php/Home/Login/home
INFO: [ app_init ] --START--
INFO: Run Behavior\BuildLiteBehavior [ RunTime:0.000000s ]
INFO: [ app_init ] --END-- [ RunTime:0.001000s ]
INFO: [ app_begin ] --START--
INFO: Run Behavior\ReadHtmlCacheBehavior [ RunTime:0.001000s ]
INFO: [ app_begin ] --END-- [ RunTime:0.001000s ]
NOTIC: [8] Undefined index: userName D:\gong\admin\Home\Controller\CommonController.class.php 第 18 行.
NOTIC: [8] Undefined index: realName D:\gong\admin\Home\Controller\CommonController.class.php 第 19 行.
INFO: [ app_end ] --START--
INFO: Run Behavior\ShowPageTraceBehavior [ RunTime:0.001001s ]
INFO: [ app_end ] --END-- [ RunTime:0.001001s ]

[ 2016-09-28T10:14:01+08:00 ] 127.0.0.1 /index.php/Home/Login/home
INFO: [ app_init ] --START--
INFO: Run Behavior\BuildLiteBehavior [ RunTime:0.000000s ]
INFO: [ app_init ] --END-- [ RunTime:0.001000s ]
INFO: [ app_begin ] --START--
INFO: Run Behavior\ReadHtmlCacheBehavior [ RunTime:0.000000s ]
INFO: [ app_begin ] --END-- [ RunTime:0.000000s ]
NOTIC: [8] Undefined index: userName D:\gong\admin\Home\Controller\CommonController.class.php 第 18 行.
NOTIC: [8] Undefined index: realName D:\gong\admin\Home\Controller\CommonController.class.php 第 19 行.
INFO: [ app_end ] --START--
INFO: Run Behavior\ShowPageTraceBehavior [ RunTime:0.001000s ]
INFO: [ app_end ] --END-- [ RunTime:0.001000s ]

[ 2016-09-28T10:14:01+08:00 ] 127.0.0.1 /index.php/Home/Login/home
INFO: [ app_init ] --START--
INFO: Run Behavior\BuildLiteBehavior [ RunTime:0.000000s ]
INFO: [ app_init ] --END-- [ RunTime:0.000000s ]
INFO: [ app_begin ] --START--
INFO: Run Behavior\ReadHtmlCacheBehavior [ RunTime:0.002000s ]
INFO: [ app_begin ] --END-- [ RunTime:0.002000s ]
NOTIC: [8] Undefined index: userName D:\gong\admin\Home\Controller\CommonController.class.php 第 18 行.
NOTIC: [8] Undefined index: realName D:\gong\admin\Home\Controller\CommonController.class.php 第 19 行.
INFO: [ app_end ] --START--
INFO: Run Behavior\ShowPageTraceBehavior [ RunTime:0.007001s ]
INFO: [ app_end ] --END-- [ RunTime:0.007001s ]

[ 2016-09-28T10:14:01+08:00 ] 127.0.0.1 /index.php/Home/Login/home
INFO: [ app_init ] --START--
INFO: Run Behavior\BuildLiteBehavior [ RunTime:0.000000s ]
INFO: [ app_init ] --END-- [ RunTime:0.000000s ]
INFO: [ app_begin ] --START--
INFO: Run Behavior\ReadHtmlCacheBehavior [ RunTime:0.004000s ]
INFO: [ app_begin ] --END-- [ RunTime:0.004000s ]
NOTIC: [8] Undefined index: userName D:\gong\admin\Home\Controller\CommonController.class.php 第 18 行.
NOTIC: [8] Undefined index: realName D:\gong\admin\Home\Controller\CommonController.class.php 第 19 行.
INFO: [ app_end ] --START--
INFO: Run Behavior\ShowPageTraceBehavior [ RunTime:0.001000s ]
INFO: [ app_end ] --END-- [ RunTime:0.001000s ]

[ 2016-09-28T10:14:01+08:00 ] 127.0.0.1 /index.php/Home/Login/home
INFO: [ app_init ] --START--
INFO: Run Behavior\BuildLiteBehavior [ RunTime:0.000000s ]
INFO: [ app_init ] --END-- [ RunTime:0.001000s ]
INFO: [ app_begin ] --START--
INFO: Run Behavior\ReadHtmlCacheBehavior [ RunTime:0.001001s ]
INFO: [ app_begin ] --END-- [ RunTime:0.001001s ]
NOTIC: [8] Undefined index: userName D:\gong\admin\Home\Controller\CommonController.class.php 第 18 行.
NOTIC: [8] Undefined index: realName D:\gong\admin\Home\Controller\CommonController.class.php 第 19 行.
INFO: [ app_end ] --START--
INFO: Run Behavior\ShowPageTraceBehavior [ RunTime:0.001000s ]
INFO: [ app_end ] --END-- [ RunTime:0.001000s ]

[ 2016-09-28T10:14:02+08:00 ] 127.0.0.1 /index.php/Home/Login/home
INFO: [ app_init ] --START--
INFO: Run Behavior\BuildLiteBehavior [ RunTime:0.000000s ]
INFO: [ app_init ] --END-- [ RunTime:0.001000s ]
INFO: [ app_begin ] --START--
INFO: Run Behavior\ReadHtmlCacheBehavior [ RunTime:0.001000s ]
INFO: [ app_begin ] --END-- [ RunTime:0.001000s ]
NOTIC: [8] Undefined index: userName D:\gong\admin\Home\Controller\CommonController.class.php 第 18 行.
NOTIC: [8] Undefined index: realName D:\gong\admin\Home\Controller\CommonController.class.php 第 19 行.
INFO: [ app_end ] --START--
INFO: Run Behavior\ShowPageTraceBehavior [ RunTime:0.001000s ]
INFO: [ app_end ] --END-- [ RunTime:0.001000s ]

[ 2016-09-28T10:14:02+08:00 ] 127.0.0.1 /index.php/Home/Login/home
INFO: [ app_init ] --START--
INFO: Run Behavior\BuildLiteBehavior [ RunTime:0.000000s ]
INFO: [ app_init ] --END-- [ RunTime:0.001000s ]
INFO: [ app_begin ] --START--
INFO: Run Behavior\ReadHtmlCacheBehavior [ RunTime:0.000000s ]
INFO: [ app_begin ] --END-- [ RunTime:0.000000s ]
NOTIC: [8] Undefined index: userName D:\gong\admin\Home\Controller\CommonController.class.php 第 18 行.
NOTIC: [8] Undefined index: realName D:\gong\admin\Home\Controller\CommonController.class.php 第 19 行.
INFO: [ app_end ] --START--
INFO: Run Behavior\ShowPageTraceBehavior [ RunTime:0.000000s ]
INFO: [ app_end ] --END-- [ RunTime:0.001000s ]

[ 2016-09-28T10:14:02+08:00 ] 127.0.0.1 /index.php/Home/Login/home
INFO: [ app_init ] --START--
INFO: Run Behavior\BuildLiteBehavior [ RunTime:0.000000s ]
INFO: [ app_init ] --END-- [ RunTime:0.000000s ]
INFO: [ app_begin ] --START--
INFO: Run Behavior\ReadHtmlCacheBehavior [ RunTime:0.001000s ]
INFO: [ app_begin ] --END-- [ RunTime:0.001000s ]
NOTIC: [8] Undefined index: userName D:\gong\admin\Home\Controller\CommonController.class.php 第 18 行.
NOTIC: [8] Undefined index: realName D:\gong\admin\Home\Controller\CommonController.class.php 第 19 行.
INFO: [ app_end ] --START--
INFO: Run Behavior\ShowPageTraceBehavior [ RunTime:0.001000s ]
INFO: [ app_end ] --END-- [ RunTime:0.001000s ]

[ 2016-09-28T10:14:02+08:00 ] 127.0.0.1 /index.php/Home/Login/home
INFO: [ app_init ] --START--
INFO: Run Behavior\BuildLiteBehavior [ RunTime:0.000000s ]
INFO: [ app_init ] --END-- [ RunTime:0.001000s ]
INFO: [ app_begin ] --START--
INFO: Run Behavior\ReadHtmlCacheBehavior [ RunTime:0.001000s ]
INFO: [ app_begin ] --END-- [ RunTime:0.001000s ]
NOTIC: [8] Undefined index: userName D:\gong\admin\Home\Controller\CommonController.class.php 第 18 行.
NOTIC: [8] Undefined index: realName D:\gong\admin\Home\Controller\CommonController.class.php 第 19 行.
INFO: [ app_end ] --START--
INFO: Run Behavior\ShowPageTraceBehavior [ RunTime:0.001000s ]
INFO: [ app_end ] --END-- [ RunTime:0.001000s ]

[ 2016-09-28T10:15:43+08:00 ] 127.0.0.1 /index.php/Home/Login/check_user
INFO: [ app_init ] --START--
INFO: Run Behavior\BuildLiteBehavior [ RunTime:0.000000s ]
INFO: [ app_init ] --END-- [ RunTime:0.000000s ]
INFO: [ app_begin ] --START--
INFO: Run Behavior\ReadHtmlCacheBehavior [ RunTime:0.000000s ]
INFO: [ app_begin ] --END-- [ RunTime:0.000000s ]
NOTIC: [8] Undefined index: userName D:\gong\admin\Home\Controller\CommonController.class.php 第 18 行.
NOTIC: [8] Undefined index: realName D:\gong\admin\Home\Controller\CommonController.class.php 第 19 行.
SQL: SHOW COLUMNS FROM `supplier_user` [ RunTime:0.0156s ]
SQL: SHOW COLUMNS FROM `system_admin_powers` [ RunTime:0.0000s ]
SQL: SHOW COLUMNS FROM `system_admin_role` [ RunTime:0.0156s ]
SQL: SHOW COLUMNS FROM `system_admin_powers_node` [ RunTime:0.0156s ]
SQL: SELECT * FROM `supplier_user` WHERE `username` = 'maomao' LIMIT 1   [ RunTime:0.0000s ]
NOTIC: [8] Undefined index: admin_id D:\gong\admin\Home\Controller\LoginController.class.php 第 52 行.

[ 2016-09-28T10:15:46+08:00 ] 127.0.0.1 /index.php/Home/Login/check_user
INFO: [ app_init ] --START--
INFO: Run Behavior\BuildLiteBehavior [ RunTime:0.000000s ]
INFO: [ app_init ] --END-- [ RunTime:0.000000s ]
INFO: [ app_begin ] --START--
INFO: Run Behavior\ReadHtmlCacheBehavior [ RunTime:0.000000s ]
INFO: [ app_begin ] --END-- [ RunTime:0.000000s ]
NOTIC: [8] Undefined index: userName D:\gong\admin\Home\Controller\CommonController.class.php 第 18 行.
NOTIC: [8] Undefined index: realName D:\gong\admin\Home\Controller\CommonController.class.php 第 19 行.
SQL: SHOW COLUMNS FROM `supplier_user` [ RunTime:0.0000s ]
SQL: SHOW COLUMNS FROM `system_admin_powers` [ RunTime:0.0156s ]
SQL: SHOW COLUMNS FROM `system_admin_role` [ RunTime:0.0000s ]
SQL: SHOW COLUMNS FROM `system_admin_powers_node` [ RunTime:0.0156s ]
SQL: SELECT * FROM `supplier_user` WHERE `username` = 'maomao' LIMIT 1   [ RunTime:0.0156s ]

[ 2016-09-28T10:15:51+08:00 ] 127.0.0.1 /index.php/Home/Login/check_user
INFO: [ app_init ] --START--
INFO: Run Behavior\BuildLiteBehavior [ RunTime:0.000000s ]
INFO: [ app_init ] --END-- [ RunTime:0.001000s ]
INFO: [ app_begin ] --START--
INFO: Run Behavior\ReadHtmlCacheBehavior [ RunTime:0.001000s ]
INFO: [ app_begin ] --END-- [ RunTime:0.001000s ]
NOTIC: [8] Undefined index: userName D:\gong\admin\Home\Controller\CommonController.class.php 第 18 行.
NOTIC: [8] Undefined index: realName D:\gong\admin\Home\Controller\CommonController.class.php 第 19 行.
SQL: SHOW COLUMNS FROM `supplier_user` [ RunTime:0.0070s ]
SQL: SHOW COLUMNS FROM `system_admin_powers` [ RunTime:0.0090s ]
SQL: SHOW COLUMNS FROM `system_admin_role` [ RunTime:0.0060s ]
SQL: SHOW COLUMNS FROM `system_admin_powers_node` [ RunTime:0.0060s ]
SQL: SELECT * FROM `supplier_user` WHERE `username` = 'maomao' LIMIT 1   [ RunTime:0.0050s ]

[ 2016-09-28T10:16:08+08:00 ] 127.0.0.1 /index.php/Home/Login/check_user
INFO: [ app_init ] --START--
INFO: Run Behavior\BuildLiteBehavior [ RunTime:0.000000s ]
INFO: [ app_init ] --END-- [ RunTime:0.000000s ]
INFO: [ app_begin ] --START--
INFO: Run Behavior\ReadHtmlCacheBehavior [ RunTime:0.000000s ]
INFO: [ app_begin ] --END-- [ RunTime:0.000000s ]
NOTIC: [8] Undefined index: userName D:\gong\admin\Home\Controller\CommonController.class.php 第 18 行.
NOTIC: [8] Undefined index: realName D:\gong\admin\Home\Controller\CommonController.class.php 第 19 行.
SQL: SHOW COLUMNS FROM `supplier_user` [ RunTime:0.0206s ]
SQL: SHOW COLUMNS FROM `system_admin_powers` [ RunTime:0.0120s ]
SQL: SHOW COLUMNS FROM `system_admin_role` [ RunTime:0.0120s ]
SQL: SHOW COLUMNS FROM `system_admin_powers_node` [ RunTime:0.0120s ]
SQL: SELECT * FROM `supplier_user` WHERE `username` = 'maomao' LIMIT 1   [ RunTime:0.0100s ]

[ 2016-09-28T10:16:46+08:00 ] 127.0.0.1 /index.php/Home/Login/check_user
INFO: [ app_init ] --START--
INFO: Run Behavior\BuildLiteBehavior [ RunTime:0.000000s ]
INFO: [ app_init ] --END-- [ RunTime:0.000000s ]
INFO: [ app_begin ] --START--
INFO: Run Behavior\ReadHtmlCacheBehavior [ RunTime:0.000000s ]
INFO: [ app_begin ] --END-- [ RunTime:0.000000s ]
NOTIC: [8] Undefined index: userName D:\gong\admin\Home\Controller\CommonController.class.php 第 18 行.
NOTIC: [8] Undefined index: realName D:\gong\admin\Home\Controller\CommonController.class.php 第 19 行.
SQL: SHOW COLUMNS FROM `supplier_user` [ RunTime:0.0000s ]
SQL: SHOW COLUMNS FROM `system_admin_powers` [ RunTime:0.0156s ]
SQL: SHOW COLUMNS FROM `system_admin_role` [ RunTime:0.0156s ]
SQL: SHOW COLUMNS FROM `system_admin_powers_node` [ RunTime:0.0000s ]
SQL: SELECT * FROM `supplier_user` WHERE `username` = 'maomao' LIMIT 1   [ RunTime:0.0000s ]
NOTIC: [8] Undefined index: admin_id D:\gong\admin\Home\Controller\LoginController.class.php 第 52 行.

[ 2016-09-28T10:18:13+08:00 ] 127.0.0.1 /index.php/Home/Login/check_user
INFO: [ app_init ] --START--
INFO: Run Behavior\BuildLiteBehavior [ RunTime:0.000000s ]
INFO: [ app_init ] --END-- [ RunTime:0.000000s ]
INFO: [ app_begin ] --START--
INFO: Run Behavior\ReadHtmlCacheBehavior [ RunTime:0.000000s ]
INFO: [ app_begin ] --END-- [ RunTime:0.000000s ]
NOTIC: [8] Undefined index: userName D:\gong\admin\Home\Controller\CommonController.class.php 第 18 行.
NOTIC: [8] Undefined index: realName D:\gong\admin\Home\Controller\CommonController.class.php 第 19 行.
SQL: SHOW COLUMNS FROM `supplier_user` [ RunTime:0.0000s ]
SQL: SHOW COLUMNS FROM `system_admin_powers` [ RunTime:0.0156s ]
SQL: SHOW COLUMNS FROM `system_admin_role` [ RunTime:0.0156s ]
SQL: SHOW COLUMNS FROM `system_admin_powers_node` [ RunTime:0.0156s ]
SQL: SELECT * FROM `supplier_user` WHERE `username` = 'maomao' LIMIT 1   [ RunTime:0.0156s ]
NOTIC: [8] Undefined index: admin_id D:\gong\admin\Home\Controller\LoginController.class.php 第 52 行.

[ 2016-09-28T10:18:15+08:00 ] 127.0.0.1 /index.php/Home/Login
INFO: [ app_init ] --START--
INFO: Run Behavior\BuildLiteBehavior [ RunTime:0.000000s ]
INFO: [ app_init ] --END-- [ RunTime:0.001000s ]
INFO: [ app_begin ] --START--
INFO: Run Behavior\ReadHtmlCacheBehavior [ RunTime:0.000000s ]
INFO: [ app_begin ] --END-- [ RunTime:0.001000s ]
NOTIC: [8] Undefined index: userName D:\gong\admin\Home\Controller\CommonController.class.php 第 18 行.
NOTIC: [8] Undefined index: realName D:\gong\admin\Home\Controller\CommonController.class.php 第 19 行.
INFO: [ view_parse ] --START--
INFO: [ template_filter ] --START--
INFO: Run Behavior\ContentReplaceBehavior [ RunTime:0.000000s ]
INFO: [ template_filter ] --END-- [ RunTime:0.000000s ]
INFO: Run Behavior\ParseTemplateBehavior [ RunTime:0.007001s ]
INFO: [ view_parse ] --END-- [ RunTime:0.007001s ]
INFO: [ view_filter ] --START--
INFO: Run Behavior\WriteHtmlCacheBehavior [ RunTime:0.000000s ]
INFO: [ view_filter ] --END-- [ RunTime:0.000000s ]
INFO: [ app_end ] --START--
INFO: Run Behavior\ShowPageTraceBehavior [ RunTime:0.000000s ]
INFO: [ app_end ] --END-- [ RunTime:0.002000s ]

[ 2016-09-28T10:18:17+08:00 ] 127.0.0.1 /index.php/Home/Login/check_user
INFO: [ app_init ] --START--
INFO: Run Behavior\BuildLiteBehavior [ RunTime:0.000000s ]
INFO: [ app_init ] --END-- [ RunTime:0.000000s ]
INFO: [ app_begin ] --START--
INFO: Run Behavior\ReadHtmlCacheBehavior [ RunTime:0.015600s ]
INFO: [ app_begin ] --END-- [ RunTime:0.015600s ]
NOTIC: [8] Undefined index: userName D:\gong\admin\Home\Controller\CommonController.class.php 第 18 行.
NOTIC: [8] Undefined index: realName D:\gong\admin\Home\Controller\CommonController.class.php 第 19 行.
SQL: SHOW COLUMNS FROM `supplier_user` [ RunTime:0.0156s ]
SQL: SHOW COLUMNS FROM `system_admin_powers` [ RunTime:0.0000s ]
SQL: SHOW COLUMNS FROM `system_admin_role` [ RunTime:0.0000s ]
SQL: SHOW COLUMNS FROM `system_admin_powers_node` [ RunTime:0.0156s ]
SQL: SELECT * FROM `supplier_user` WHERE `username` = 'dwd' LIMIT 1   [ RunTime:0.0196s ]

[ 2016-09-28T10:18:37+08:00 ] 127.0.0.1 /index.php/Home/Login/check_user
INFO: [ app_init ] --START--
INFO: Run Behavior\BuildLiteBehavior [ RunTime:0.000000s ]
INFO: [ app_init ] --END-- [ RunTime:0.000000s ]
INFO: [ app_begin ] --START--
INFO: Run Behavior\ReadHtmlCacheBehavior [ RunTime:0.000000s ]
INFO: [ app_begin ] --END-- [ RunTime:0.000000s ]
NOTIC: [8] Undefined index: userName D:\gong\admin\Home\Controller\CommonController.class.php 第 18 行.
NOTIC: [8] Undefined index: realName D:\gong\admin\Home\Controller\CommonController.class.php 第 19 行.
SQL: SHOW COLUMNS FROM `supplier_user` [ RunTime:0.0312s ]
SQL: SHOW COLUMNS FROM `system_admin_powers` [ RunTime:0.0000s ]
SQL: SHOW COLUMNS FROM `system_admin_role` [ RunTime:0.0156s ]
SQL: SHOW COLUMNS FROM `system_admin_powers_node` [ RunTime:0.0000s ]
SQL: SELECT * FROM `supplier_user` WHERE `username` = 'dwd' LIMIT 1   [ RunTime:0.0156s ]

[ 2016-09-28T10:19:27+08:00 ] 127.0.0.1 /index.php/Home/Login
INFO: [ app_init ] --START--
INFO: Run Behavior\BuildLiteBehavior [ RunTime:0.000000s ]
INFO: [ app_init ] --END-- [ RunTime:0.001000s ]
INFO: [ app_begin ] --START--
INFO: Run Behavior\ReadHtmlCacheBehavior [ RunTime:0.001000s ]
INFO: [ app_begin ] --END-- [ RunTime:0.001000s ]
NOTIC: [8] Undefined index: userName D:\gong\admin\Home\Controller\CommonController.class.php 第 18 行.
NOTIC: [8] Undefined index: realName D:\gong\admin\Home\Controller\CommonController.class.php 第 19 行.
INFO: [ view_parse ] --START--
INFO: [ template_filter ] --START--
INFO: Run Behavior\ContentReplaceBehavior [ RunTime:0.001000s ]
INFO: [ template_filter ] --END-- [ RunTime:0.001000s ]
INFO: Run Behavior\ParseTemplateBehavior [ RunTime:0.008001s ]
INFO: [ view_parse ] --END-- [ RunTime:0.008001s ]
INFO: [ view_filter ] --START--
INFO: Run Behavior\WriteHtmlCacheBehavior [ RunTime:0.001000s ]
INFO: [ view_filter ] --END-- [ RunTime:0.001000s ]
INFO: [ app_end ] --START--
INFO: Run Behavior\ShowPageTraceBehavior [ RunTime:0.001000s ]
INFO: [ app_end ] --END-- [ RunTime:0.001000s ]

[ 2016-09-28T10:19:30+08:00 ] 127.0.0.1 /index.php/Home/Login/check_user
INFO: [ app_init ] --START--
INFO: Run Behavior\BuildLiteBehavior [ RunTime:0.000000s ]
INFO: [ app_init ] --END-- [ RunTime:0.000000s ]
INFO: [ app_begin ] --START--
INFO: Run Behavior\ReadHtmlCacheBehavior [ RunTime:0.015600s ]
INFO: [ app_begin ] --END-- [ RunTime:0.015600s ]
NOTIC: [8] Undefined index: userName D:\gong\admin\Home\Controller\CommonController.class.php 第 18 行.
NOTIC: [8] Undefined index: realName D:\gong\admin\Home\Controller\CommonController.class.php 第 19 行.
SQL: SHOW COLUMNS FROM `supplier_user` [ RunTime:0.0000s ]
SQL: SHOW COLUMNS FROM `system_admin_powers` [ RunTime:0.0156s ]
SQL: SHOW COLUMNS FROM `system_admin_role` [ RunTime:0.0156s ]
SQL: SHOW COLUMNS FROM `system_admin_powers_node` [ RunTime:0.0246s ]
SQL: SELECT * FROM `supplier_user` WHERE `username` = '达瓦达瓦壁纸' LIMIT 1   [ RunTime:0.0150s ]

[ 2016-09-28T10:23:39+08:00 ] 127.0.0.1 /index.php/Home/Login/check_user
INFO: [ app_init ] --START--
INFO: Run Behavior\BuildLiteBehavior [ RunTime:0.000000s ]
INFO: [ app_init ] --END-- [ RunTime:0.000000s ]
INFO: [ app_begin ] --START--
INFO: Run Behavior\ReadHtmlCacheBehavior [ RunTime:0.000000s ]
INFO: [ app_begin ] --END-- [ RunTime:0.000000s ]
NOTIC: [8] Undefined index: userName D:\gong\admin\Home\Controller\CommonController.class.php 第 18 行.
NOTIC: [8] Undefined index: realName D:\gong\admin\Home\Controller\CommonController.class.php 第 19 行.
SQL: SHOW COLUMNS FROM `supplier_user` [ RunTime:0.0110s ]
SQL: SHOW COLUMNS FROM `system_admin_powers` [ RunTime:0.0110s ]
SQL: SHOW COLUMNS FROM `system_admin_role` [ RunTime:0.0100s ]
SQL: SHOW COLUMNS FROM `system_admin_powers_node` [ RunTime:0.0100s ]
SQL: SELECT * FROM `supplier_user` WHERE `username` = '达瓦达瓦壁纸' LIMIT 1   [ RunTime:0.0100s ]

[ 2016-09-28T10:23:39+08:00 ] 127.0.0.1 /index.php/Home/Login
INFO: [ app_init ] --START--
INFO: Run Behavior\BuildLiteBehavior [ RunTime:0.000000s ]
INFO: [ app_init ] --END-- [ RunTime:0.000000s ]
INFO: [ app_begin ] --START--
INFO: Run Behavior\ReadHtmlCacheBehavior [ RunTime:0.001000s ]
INFO: [ app_begin ] --END-- [ RunTime:0.001000s ]
NOTIC: [8] Undefined index: userName D:\gong\admin\Home\Controller\CommonController.class.php 第 18 行.
NOTIC: [8] Undefined index: realName D:\gong\admin\Home\Controller\CommonController.class.php 第 19 行.
INFO: [ view_parse ] --START--
INFO: [ template_filter ] --START--
INFO: Run Behavior\ContentReplaceBehavior [ RunTime:0.000000s ]
INFO: [ template_filter ] --END-- [ RunTime:0.001000s ]
INFO: Run Behavior\ParseTemplateBehavior [ RunTime:0.012000s ]
INFO: [ view_parse ] --END-- [ RunTime:0.012000s ]
INFO: [ view_filter ] --START--
INFO: Run Behavior\WriteHtmlCacheBehavior [ RunTime:0.004001s ]
INFO: [ view_filter ] --END-- [ RunTime:0.004001s ]
INFO: [ app_end ] --START--
INFO: Run Behavior\ShowPageTraceBehavior [ RunTime:0.001000s ]
INFO: [ app_end ] --END-- [ RunTime:0.002000s ]

[ 2016-09-28T10:23:43+08:00 ] 127.0.0.1 /index.php/Home/Login/check_user
INFO: [ app_init ] --START--
INFO: Run Behavior\BuildLiteBehavior [ RunTime:0.000000s ]
INFO: [ app_init ] --END-- [ RunTime:0.000000s ]
INFO: [ app_begin ] --START--
INFO: Run Behavior\ReadHtmlCacheBehavior [ RunTime:0.000000s ]
INFO: [ app_begin ] --END-- [ RunTime:0.000000s ]
NOTIC: [8] Undefined index: userName D:\gong\admin\Home\Controller\CommonController.class.php 第 18 行.
NOTIC: [8] Undefined index: realName D:\gong\admin\Home\Controller\CommonController.class.php 第 19 行.
SQL: SHOW COLUMNS FROM `supplier_user` [ RunTime:0.0156s ]
SQL: SHOW COLUMNS FROM `system_admin_powers` [ RunTime:0.0000s ]
SQL: SHOW COLUMNS FROM `system_admin_role` [ RunTime:0.0000s ]
SQL: SHOW COLUMNS FROM `system_admin_powers_node` [ RunTime:0.0000s ]
SQL: SELECT * FROM `supplier_user` WHERE `username` = 'dwadaw' LIMIT 1   [ RunTime:0.0000s ]

[ 2016-09-28T10:23:51+08:00 ] 127.0.0.1 /index.php/Home/Login
INFO: [ app_init ] --START--
INFO: Run Behavior\BuildLiteBehavior [ RunTime:0.000000s ]
INFO: [ app_init ] --END-- [ RunTime:0.001000s ]
INFO: [ app_begin ] --START--
INFO: Run Behavior\ReadHtmlCacheBehavior [ RunTime:0.001000s ]
INFO: [ app_begin ] --END-- [ RunTime:0.001000s ]
NOTIC: [8] Undefined index: userName D:\gong\admin\Home\Controller\CommonController.class.php 第 18 行.
NOTIC: [8] Undefined index: realName D:\gong\admin\Home\Controller\CommonController.class.php 第 19 行.
INFO: [ view_parse ] --START--
INFO: [ template_filter ] --START--
INFO: Run Behavior\ContentReplaceBehavior [ RunTime:0.000000s ]
INFO: [ template_filter ] --END-- [ RunTime:0.000000s ]
INFO: Run Behavior\ParseTemplateBehavior [ RunTime:0.007000s ]
INFO: [ view_parse ] --END-- [ RunTime:0.007000s ]
INFO: [ view_filter ] --START--
INFO: Run Behavior\WriteHtmlCacheBehavior [ RunTime:0.000000s ]
INFO: [ view_filter ] --END-- [ RunTime:0.001000s ]
INFO: [ app_end ] --START--
INFO: Run Behavior\ShowPageTraceBehavior [ RunTime:0.001000s ]
INFO: [ app_end ] --END-- [ RunTime:0.001000s ]

[ 2016-09-28T10:23:54+08:00 ] 127.0.0.1 /index.php/Home/Login/check_user
INFO: [ app_init ] --START--
INFO: Run Behavior\BuildLiteBehavior [ RunTime:0.000000s ]
INFO: [ app_init ] --END-- [ RunTime:0.000000s ]
INFO: [ app_begin ] --START--
INFO: Run Behavior\ReadHtmlCacheBehavior [ RunTime:0.000000s ]
INFO: [ app_begin ] --END-- [ RunTime:0.000000s ]
NOTIC: [8] Undefined index: userName D:\gong\admin\Home\Controller\CommonController.class.php 第 18 行.
NOTIC: [8] Undefined index: realName D:\gong\admin\Home\Controller\CommonController.class.php 第 19 行.
SQL: SHOW COLUMNS FROM `supplier_user` [ RunTime:0.0000s ]
SQL: SHOW COLUMNS FROM `system_admin_powers` [ RunTime:0.0156s ]
SQL: SHOW COLUMNS FROM `system_admin_role` [ RunTime:0.0206s ]
SQL: SHOW COLUMNS FROM `system_admin_powers_node` [ RunTime:0.0110s ]
SQL: SELECT * FROM `supplier_user` WHERE `username` = 'dwdawdwa' LIMIT 1   [ RunTime:0.0180s ]

[ 2016-09-28T10:24:43+08:00 ] 127.0.0.1 /index.php/Home/Login/check_user
INFO: [ app_init ] --START--
INFO: Run Behavior\BuildLiteBehavior [ RunTime:0.000000s ]
INFO: [ app_init ] --END-- [ RunTime:0.000000s ]
INFO: [ app_begin ] --START--
INFO: Run Behavior\ReadHtmlCacheBehavior [ RunTime:0.000000s ]
INFO: [ app_begin ] --END-- [ RunTime:0.000000s ]
NOTIC: [8] Undefined index: userName D:\gong\admin\Home\Controller\CommonController.class.php 第 18 行.
NOTIC: [8] Undefined index: realName D:\gong\admin\Home\Controller\CommonController.class.php 第 19 行.
SQL: SHOW COLUMNS FROM `supplier_user` [ RunTime:0.0156s ]
SQL: SHOW COLUMNS FROM `system_admin_powers` [ RunTime:0.0176s ]
SQL: SHOW COLUMNS FROM `system_admin_role` [ RunTime:0.0060s ]
SQL: SHOW COLUMNS FROM `system_admin_powers_node` [ RunTime:0.0130s ]
SQL: SELECT * FROM `supplier_user` WHERE `username` = 'dwdawdwa' LIMIT 1   [ RunTime:0.0080s ]

[ 2016-09-28T10:24:49+08:00 ] 127.0.0.1 /index.php/Home/Login/check_user
INFO: [ app_init ] --START--
INFO: Run Behavior\BuildLiteBehavior [ RunTime:0.000000s ]
INFO: [ app_init ] --END-- [ RunTime:0.000000s ]
INFO: [ app_begin ] --START--
INFO: Run Behavior\ReadHtmlCacheBehavior [ RunTime:0.001000s ]
INFO: [ app_begin ] --END-- [ RunTime:0.001000s ]
NOTIC: [8] Undefined index: userName D:\gong\admin\Home\Controller\CommonController.class.php 第 18 行.
NOTIC: [8] Undefined index: realName D:\gong\admin\Home\Controller\CommonController.class.php 第 19 行.
SQL: SHOW COLUMNS FROM `supplier_user` [ RunTime:0.0156s ]
SQL: SHOW COLUMNS FROM `system_admin_powers` [ RunTime:0.0156s ]
SQL: SHOW COLUMNS FROM `system_admin_role` [ RunTime:0.0156s ]
SQL: SHOW COLUMNS FROM `system_admin_powers_node` [ RunTime:0.0000s ]
SQL: SELECT * FROM `supplier_user` WHERE `username` = 'maomao' LIMIT 1   [ RunTime:0.0000s ]
NOTIC: [8] Undefined index: admin_id D:\gong\admin\Home\Controller\LoginController.class.php 第 52 行.

[ 2016-09-28T10:25:20+08:00 ] 127.0.0.1 /index.php/Home/Login/check_user
INFO: [ app_init ] --START--
INFO: Run Behavior\BuildLiteBehavior [ RunTime:0.000000s ]
INFO: [ app_init ] --END-- [ RunTime:0.000000s ]
INFO: [ app_begin ] --START--
INFO: Run Behavior\ReadHtmlCacheBehavior [ RunTime:0.000000s ]
INFO: [ app_begin ] --END-- [ RunTime:0.000000s ]
NOTIC: [8] Undefined index: userName D:\gong\admin\Home\Controller\CommonController.class.php 第 18 行.
NOTIC: [8] Undefined index: realName D:\gong\admin\Home\Controller\CommonController.class.php 第 19 行.
SQL: SHOW COLUMNS FROM `supplier_user` [ RunTime:0.0000s ]
SQL: SHOW COLUMNS FROM `system_admin_powers` [ RunTime:0.0196s ]
SQL: SHOW COLUMNS FROM `system_admin_role` [ RunTime:0.0040s ]
SQL: SHOW COLUMNS FROM `system_admin_powers_node` [ RunTime:0.0070s ]
SQL: SELECT * FROM `supplier_user` WHERE `username` = 'maomao' LIMIT 1   [ RunTime:0.0050s ]

[ 2016-09-28T10:27:37+08:00 ] 127.0.0.1 /index.php/Home/Login
INFO: [ app_init ] --START--
INFO: Run Behavior\BuildLiteBehavior [ RunTime:0.000000s ]
INFO: [ app_init ] --END-- [ RunTime:0.001001s ]
INFO: [ app_begin ] --START--
INFO: Run Behavior\ReadHtmlCacheBehavior [ RunTime:0.001000s ]
INFO: [ app_begin ] --END-- [ RunTime:0.001000s ]
NOTIC: [8] Undefined index: userName D:\gong\admin\Home\Controller\CommonController.class.php 第 18 行.
NOTIC: [8] Undefined index: realName D:\gong\admin\Home\Controller\CommonController.class.php 第 19 行.
INFO: [ view_parse ] --START--
INFO: [ template_filter ] --START--
INFO: Run Behavior\ContentReplaceBehavior [ RunTime:0.000000s ]
INFO: [ template_filter ] --END-- [ RunTime:0.000000s ]
INFO: Run Behavior\ParseTemplateBehavior [ RunTime:0.007000s ]
INFO: [ view_parse ] --END-- [ RunTime:0.008000s ]
INFO: [ view_filter ] --START--
INFO: Run Behavior\WriteHtmlCacheBehavior [ RunTime:0.000000s ]
INFO: [ view_filter ] --END-- [ RunTime:0.000000s ]
INFO: [ app_end ] --START--
INFO: Run Behavior\ShowPageTraceBehavior [ RunTime:0.001000s ]
INFO: [ app_end ] --END-- [ RunTime:0.001000s ]

[ 2016-09-28T10:27:40+08:00 ] 127.0.0.1 /index.php/Home/Login/check_user
INFO: [ app_init ] --START--
INFO: Run Behavior\BuildLiteBehavior [ RunTime:0.000000s ]
INFO: [ app_init ] --END-- [ RunTime:0.001000s ]
INFO: [ app_begin ] --START--
INFO: Run Behavior\ReadHtmlCacheBehavior [ RunTime:0.001001s ]
INFO: [ app_begin ] --END-- [ RunTime:0.001001s ]
NOTIC: [8] Undefined index: userName D:\gong\admin\Home\Controller\CommonController.class.php 第 18 行.
NOTIC: [8] Undefined index: realName D:\gong\admin\Home\Controller\CommonController.class.php 第 19 行.
SQL: SHOW COLUMNS FROM `supplier_user` [ RunTime:0.0156s ]
SQL: SHOW COLUMNS FROM `system_admin_powers` [ RunTime:0.0000s ]
SQL: SHOW COLUMNS FROM `system_admin_role` [ RunTime:0.0156s ]
SQL: SHOW COLUMNS FROM `system_admin_powers_node` [ RunTime:0.0000s ]
SQL: SELECT * FROM `supplier_user` WHERE `username` = 'dwadwa' LIMIT 1   [ RunTime:0.0156s ]

[ 2016-09-28T10:27:45+08:00 ] 127.0.0.1 /index.php/Home/Login/check_user
INFO: [ app_init ] --START--
INFO: Run Behavior\BuildLiteBehavior [ RunTime:0.000000s ]
INFO: [ app_init ] --END-- [ RunTime:0.001000s ]
INFO: [ app_begin ] --START--
INFO: Run Behavior\ReadHtmlCacheBehavior [ RunTime:0.001000s ]
INFO: [ app_begin ] --END-- [ RunTime:0.001000s ]
NOTIC: [8] Undefined index: userName D:\gong\admin\Home\Controller\CommonController.class.php 第 18 行.
NOTIC: [8] Undefined index: realName D:\gong\admin\Home\Controller\CommonController.class.php 第 19 行.
SQL: SHOW COLUMNS FROM `supplier_user` [ RunTime:0.0156s ]
SQL: SHOW COLUMNS FROM `system_admin_powers` [ RunTime:0.0000s ]
SQL: SHOW COLUMNS FROM `system_admin_role` [ RunTime:0.0156s ]
SQL: SHOW COLUMNS FROM `system_admin_powers_node` [ RunTime:0.0000s ]
SQL: SELECT * FROM `supplier_user` WHERE `username` = 'maomao' LIMIT 1   [ RunTime:0.0156s ]

[ 2016-09-28T10:27:50+08:00 ] 127.0.0.1 /index.php/Home/Login/check_user
INFO: [ app_init ] --START--
INFO: Run Behavior\BuildLiteBehavior [ RunTime:0.000000s ]
INFO: [ app_init ] --END-- [ RunTime:0.000000s ]
INFO: [ app_begin ] --START--
INFO: Run Behavior\ReadHtmlCacheBehavior [ RunTime:0.000000s ]
INFO: [ app_begin ] --END-- [ RunTime:0.000000s ]
NOTIC: [8] Undefined index: userName D:\gong\admin\Home\Controller\CommonController.class.php 第 18 行.
NOTIC: [8] Undefined index: realName D:\gong\admin\Home\Controller\CommonController.class.php 第 19 行.
SQL: SHOW COLUMNS FROM `supplier_user` [ RunTime:0.0156s ]
SQL: SHOW COLUMNS FROM `system_admin_powers` [ RunTime:0.0000s ]
SQL: SHOW COLUMNS FROM `system_admin_role` [ RunTime:0.0156s ]
SQL: SHOW COLUMNS FROM `system_admin_powers_node` [ RunTime:0.0000s ]
SQL: SELECT * FROM `supplier_user` WHERE `username` = 'maomao' LIMIT 1   [ RunTime:0.0000s ]

[ 2016-09-28T10:28:20+08:00 ] 127.0.0.1 /index.php/Home/Login
INFO: [ app_init ] --START--
INFO: Run Behavior\BuildLiteBehavior [ RunTime:0.000000s ]
INFO: [ app_init ] --END-- [ RunTime:0.001000s ]
INFO: [ app_begin ] --START--
INFO: Run Behavior\ReadHtmlCacheBehavior [ RunTime:0.001000s ]
INFO: [ app_begin ] --END-- [ RunTime:0.001000s ]
NOTIC: [8] Undefined index: userName D:\gong\admin\Home\Controller\CommonController.class.php 第 18 行.
NOTIC: [8] Undefined index: realName D:\gong\admin\Home\Controller\CommonController.class.php 第 19 行.
INFO: [ view_parse ] --START--
INFO: [ template_filter ] --START--
INFO: Run Behavior\ContentReplaceBehavior [ RunTime:0.000000s ]
INFO: [ template_filter ] --END-- [ RunTime:0.001000s ]
INFO: Run Behavior\ParseTemplateBehavior [ RunTime:0.010001s ]
INFO: [ view_parse ] --END-- [ RunTime:0.010001s ]
INFO: [ view_filter ] --START--
INFO: Run Behavior\WriteHtmlCacheBehavior [ RunTime:0.000000s ]
INFO: [ view_filter ] --END-- [ RunTime:0.001000s ]
INFO: [ app_end ] --START--
INFO: Run Behavior\ShowPageTraceBehavior [ RunTime:0.001000s ]
INFO: [ app_end ] --END-- [ RunTime:0.001000s ]

[ 2016-09-28T10:28:24+08:00 ] 127.0.0.1 /index.php/Home/Login/check_user
INFO: [ app_init ] --START--
INFO: Run Behavior\BuildLiteBehavior [ RunTime:0.000000s ]
INFO: [ app_init ] --END-- [ RunTime:0.000000s ]
INFO: [ app_begin ] --START--
INFO: Run Behavior\ReadHtmlCacheBehavior [ RunTime:0.000000s ]
INFO: [ app_begin ] --END-- [ RunTime:0.000000s ]
NOTIC: [8] Undefined index: userName D:\gong\admin\Home\Controller\CommonController.class.php 第 18 行.
NOTIC: [8] Undefined index: realName D:\gong\admin\Home\Controller\CommonController.class.php 第 19 行.
SQL: SHOW COLUMNS FROM `supplier_user` [ RunTime:0.0156s ]
SQL: SHOW COLUMNS FROM `system_admin_powers` [ RunTime:0.0156s ]
SQL: SHOW COLUMNS FROM `system_admin_role` [ RunTime:0.0206s ]
SQL: SHOW COLUMNS FROM `system_admin_powers_node` [ RunTime:0.0156s ]
SQL: SELECT * FROM `supplier_user` WHERE `username` = 'maomao' LIMIT 1   [ RunTime:0.0000s ]

[ 2016-09-28T10:28:24+08:00 ] 127.0.0.1 /index.php/Home/Login/home
INFO: [ app_init ] --START--
INFO: Run Behavior\BuildLiteBehavior [ RunTime:0.000000s ]
INFO: [ app_init ] --END-- [ RunTime:0.001000s ]
INFO: [ app_begin ] --START--
INFO: Run Behavior\ReadHtmlCacheBehavior [ RunTime:0.001000s ]
INFO: [ app_begin ] --END-- [ RunTime:0.001000s ]
NOTIC: [8] Undefined index: userName D:\gong\admin\Home\Controller\CommonController.class.php 第 18 行.
NOTIC: [8] Undefined index: realName D:\gong\admin\Home\Controller\CommonController.class.php 第 19 行.
INFO: [ app_end ] --START--
INFO: Run Behavior\ShowPageTraceBehavior [ RunTime:0.001000s ]
INFO: [ app_end ] --END-- [ RunTime:0.001000s ]

[ 2016-09-28T10:58:34+08:00 ] 127.0.0.1 /index.php/Home/home/
INFO: [ app_init ] --START--
INFO: Run Behavior\BuildLiteBehavior [ RunTime:0.000000s ]
INFO: [ app_init ] --END-- [ RunTime:0.001000s ]
INFO: [ app_begin ] --START--
INFO: Run Behavior\ReadHtmlCacheBehavior [ RunTime:0.001000s ]
INFO: [ app_begin ] --END-- [ RunTime:0.002000s ]
NOTIC: [8] Undefined index: userName D:\gong\admin\Home\Controller\CommonController.class.php 第 18 行.
NOTIC: [8] Undefined index: realName D:\gong\admin\Home\Controller\CommonController.class.php 第 19 行.

[ 2016-09-28T10:58:34+08:00 ] 127.0.0.1 /index.php/Home/Login
INFO: [ app_init ] --START--
INFO: Run Behavior\BuildLiteBehavior [ RunTime:0.000000s ]
INFO: [ app_init ] --END-- [ RunTime:0.001000s ]
INFO: [ app_begin ] --START--
INFO: Run Behavior\ReadHtmlCacheBehavior [ RunTime:0.001000s ]
INFO: [ app_begin ] --END-- [ RunTime:0.001000s ]
NOTIC: [8] Undefined index: userName D:\gong\admin\Home\Controller\CommonController.class.php 第 18 行.
NOTIC: [8] Undefined index: realName D:\gong\admin\Home\Controller\CommonController.class.php 第 19 行.
INFO: [ view_parse ] --START--
INFO: [ template_filter ] --START--
INFO: Run Behavior\ContentReplaceBehavior [ RunTime:0.000000s ]
INFO: [ template_filter ] --END-- [ RunTime:0.000000s ]
INFO: Run Behavior\ParseTemplateBehavior [ RunTime:0.009000s ]
INFO: [ view_parse ] --END-- [ RunTime:0.009000s ]
INFO: [ view_filter ] --START--
INFO: Run Behavior\WriteHtmlCacheBehavior [ RunTime:0.000000s ]
INFO: [ view_filter ] --END-- [ RunTime:0.000000s ]
INFO: [ app_end ] --START--
INFO: Run Behavior\ShowPageTraceBehavior [ RunTime:0.000000s ]
INFO: [ app_end ] --END-- [ RunTime:0.001000s ]

[ 2016-09-28T10:58:36+08:00 ] 127.0.0.1 /index.php/Home/Login/check_user
INFO: [ app_init ] --START--
INFO: Run Behavior\BuildLiteBehavior [ RunTime:0.000000s ]
INFO: [ app_init ] --END-- [ RunTime:0.001000s ]
INFO: [ app_begin ] --START--
INFO: Run Behavior\ReadHtmlCacheBehavior [ RunTime:0.000000s ]
INFO: [ app_begin ] --END-- [ RunTime:0.000000s ]
NOTIC: [8] Undefined index: userName D:\gong\admin\Home\Controller\CommonController.class.php 第 18 行.
NOTIC: [8] Undefined index: realName D:\gong\admin\Home\Controller\CommonController.class.php 第 19 行.
SQL: SHOW COLUMNS FROM `supplier_user` [ RunTime:0.0000s ]
SQL: SHOW COLUMNS FROM `system_admin_powers` [ RunTime:0.0100s ]
SQL: SHOW COLUMNS FROM `system_admin_role` [ RunTime:0.0000s ]
SQL: SHOW COLUMNS FROM `system_admin_powers_node` [ RunTime:0.0100s ]
SQL: SELECT * FROM `supplier_user` WHERE `username` = 'maomao' LIMIT 1   [ RunTime:0.0000s ]

[ 2016-09-28T10:58:37+08:00 ] 127.0.0.1 /index.php/Home/Login/home
INFO: [ app_init ] --START--
INFO: Run Behavior\BuildLiteBehavior [ RunTime:0.000000s ]
INFO: [ app_init ] --END-- [ RunTime:0.001000s ]
INFO: [ app_begin ] --START--
INFO: Run Behavior\ReadHtmlCacheBehavior [ RunTime:0.001000s ]
INFO: [ app_begin ] --END-- [ RunTime:0.002000s ]
NOTIC: [8] Undefined index: userName D:\gong\admin\Home\Controller\CommonController.class.php 第 18 行.
NOTIC: [8] Undefined index: realName D:\gong\admin\Home\Controller\CommonController.class.php 第 19 行.
INFO: [ app_end ] --START--
INFO: Run Behavior\ShowPageTraceBehavior [ RunTime:0.002000s ]
INFO: [ app_end ] --END-- [ RunTime:0.002000s ]

[ 2016-09-28T10:58:39+08:00 ] 127.0.0.1 /index.php/Home/Login/home
INFO: [ app_init ] --START--
INFO: Run Behavior\BuildLiteBehavior [ RunTime:0.000000s ]
INFO: [ app_init ] --END-- [ RunTime:0.001001s ]
INFO: [ app_begin ] --START--
INFO: Run Behavior\ReadHtmlCacheBehavior [ RunTime:0.001000s ]
INFO: [ app_begin ] --END-- [ RunTime:0.001000s ]
NOTIC: [8] Undefined index: userName D:\gong\admin\Home\Controller\CommonController.class.php 第 18 行.
NOTIC: [8] Undefined index: realName D:\gong\admin\Home\Controller\CommonController.class.php 第 19 行.
INFO: [ app_end ] --START--
INFO: Run Behavior\ShowPageTraceBehavior [ RunTime:0.001000s ]
INFO: [ app_end ] --END-- [ RunTime:0.002000s ]

[ 2016-09-28T10:58:48+08:00 ] 127.0.0.1 /index.php/Home/Home
INFO: [ app_init ] --START--
INFO: Run Behavior\BuildLiteBehavior [ RunTime:0.000000s ]
INFO: [ app_init ] --END-- [ RunTime:0.001000s ]
INFO: [ app_begin ] --START--
INFO: Run Behavior\ReadHtmlCacheBehavior [ RunTime:0.001000s ]
INFO: [ app_begin ] --END-- [ RunTime:0.001000s ]
NOTIC: [8] Undefined index: userName D:\gong\admin\Home\Controller\CommonController.class.php 第 18 行.
NOTIC: [8] Undefined index: realName D:\gong\admin\Home\Controller\CommonController.class.php 第 19 行.

[ 2016-09-28T10:58:48+08:00 ] 127.0.0.1 /index.php/Home/Login
INFO: [ app_init ] --START--
INFO: Run Behavior\BuildLiteBehavior [ RunTime:0.000000s ]
INFO: [ app_init ] --END-- [ RunTime:0.001000s ]
INFO: [ app_begin ] --START--
INFO: Run Behavior\ReadHtmlCacheBehavior [ RunTime:0.000000s ]
INFO: [ app_begin ] --END-- [ RunTime:0.000000s ]
NOTIC: [8] Undefined index: userName D:\gong\admin\Home\Controller\CommonController.class.php 第 18 行.
NOTIC: [8] Undefined index: realName D:\gong\admin\Home\Controller\CommonController.class.php 第 19 行.
INFO: [ view_parse ] --START--
INFO: [ template_filter ] --START--
INFO: Run Behavior\ContentReplaceBehavior [ RunTime:0.000000s ]
INFO: [ template_filter ] --END-- [ RunTime:0.001001s ]
INFO: Run Behavior\ParseTemplateBehavior [ RunTime:0.009001s ]
INFO: [ view_parse ] --END-- [ RunTime:0.009001s ]
INFO: [ view_filter ] --START--
INFO: Run Behavior\WriteHtmlCacheBehavior [ RunTime:0.001000s ]
INFO: [ view_filter ] --END-- [ RunTime:0.001000s ]
INFO: [ app_end ] --START--
INFO: Run Behavior\ShowPageTraceBehavior [ RunTime:0.001000s ]
INFO: [ app_end ] --END-- [ RunTime:0.001000s ]

[ 2016-09-28T10:59:24+08:00 ] 127.0.0.1 /index.php/Home/Login/check_user
INFO: [ app_init ] --START--
INFO: Run Behavior\BuildLiteBehavior [ RunTime:0.000000s ]
INFO: [ app_init ] --END-- [ RunTime:0.001000s ]
INFO: [ app_begin ] --START--
INFO: Run Behavior\ReadHtmlCacheBehavior [ RunTime:0.001001s ]
INFO: [ app_begin ] --END-- [ RunTime:0.001001s ]
NOTIC: [8] Undefined index: userName D:\gong\admin\Home\Controller\CommonController.class.php 第 18 行.
NOTIC: [8] Undefined index: realName D:\gong\admin\Home\Controller\CommonController.class.php 第 19 行.
SQL: SHOW COLUMNS FROM `supplier_user` [ RunTime:0.0200s ]
SQL: SHOW COLUMNS FROM `system_admin_powers` [ RunTime:0.0060s ]
SQL: SHOW COLUMNS FROM `system_admin_role` [ RunTime:0.0020s ]
SQL: SHOW COLUMNS FROM `system_admin_powers_node` [ RunTime:0.0000s ]
SQL: SELECT * FROM `supplier_user` WHERE `username` = 'maomao' LIMIT 1   [ RunTime:0.0000s ]

[ 2016-09-28T10:59:24+08:00 ] 127.0.0.1 /index.php/Home/Login/home
INFO: [ app_init ] --START--
INFO: Run Behavior\BuildLiteBehavior [ RunTime:0.000000s ]
INFO: [ app_init ] --END-- [ RunTime:0.000000s ]
INFO: [ app_begin ] --START--
INFO: Run Behavior\ReadHtmlCacheBehavior [ RunTime:0.000000s ]
INFO: [ app_begin ] --END-- [ RunTime:0.000000s ]
NOTIC: [8] Undefined index: userName D:\gong\admin\Home\Controller\CommonController.class.php 第 18 行.
NOTIC: [8] Undefined index: realName D:\gong\admin\Home\Controller\CommonController.class.php 第 19 行.
INFO: [ app_end ] --START--
INFO: Run Behavior\ShowPageTraceBehavior [ RunTime:0.001000s ]
INFO: [ app_end ] --END-- [ RunTime:0.001000s ]

[ 2016-09-28T10:59:40+08:00 ] 127.0.0.1 /index.php/Home/Login/home
INFO: [ app_init ] --START--
INFO: Run Behavior\BuildLiteBehavior [ RunTime:0.000000s ]
INFO: [ app_init ] --END-- [ RunTime:0.000000s ]
INFO: [ app_begin ] --START--
INFO: Run Behavior\ReadHtmlCacheBehavior [ RunTime:0.002000s ]
INFO: [ app_begin ] --END-- [ RunTime:0.002000s ]
INFO: [ app_end ] --START--
INFO: Run Behavior\ShowPageTraceBehavior [ RunTime:0.001000s ]
INFO: [ app_end ] --END-- [ RunTime:0.002000s ]

[ 2016-09-28T10:59:41+08:00 ] 127.0.0.1 /index.php/Home/Login/home
INFO: [ app_init ] --START--
INFO: Run Behavior\BuildLiteBehavior [ RunTime:0.000000s ]
INFO: [ app_init ] --END-- [ RunTime:0.001000s ]
INFO: [ app_begin ] --START--
INFO: Run Behavior\ReadHtmlCacheBehavior [ RunTime:0.000000s ]
INFO: [ app_begin ] --END-- [ RunTime:0.001000s ]
INFO: [ app_end ] --START--
INFO: Run Behavior\ShowPageTraceBehavior [ RunTime:0.001000s ]
INFO: [ app_end ] --END-- [ RunTime:0.001000s ]

[ 2016-09-28T10:59:41+08:00 ] 127.0.0.1 /index.php/Home/Login/home
INFO: [ app_init ] --START--
INFO: Run Behavior\BuildLiteBehavior [ RunTime:0.000000s ]
INFO: [ app_init ] --END-- [ RunTime:0.001000s ]
INFO: [ app_begin ] --START--
INFO: Run Behavior\ReadHtmlCacheBehavior [ RunTime:0.000000s ]
INFO: [ app_begin ] --END-- [ RunTime:0.001000s ]
INFO: [ app_end ] --START--
INFO: Run Behavior\ShowPageTraceBehavior [ RunTime:0.004000s ]
INFO: [ app_end ] --END-- [ RunTime:0.004000s ]

[ 2016-09-28T11:00:47+08:00 ] 127.0.0.1 /index.php/Home/Login/check_user
INFO: [ app_init ] --START--
INFO: Run Behavior\BuildLiteBehavior [ RunTime:0.000000s ]
INFO: [ app_init ] --END-- [ RunTime:0.001000s ]
INFO: [ app_begin ] --START--
INFO: Run Behavior\ReadHtmlCacheBehavior [ RunTime:0.001000s ]
INFO: [ app_begin ] --END-- [ RunTime:0.001000s ]
NOTIC: [8] Undefined variable: account D:\gong\admin\Home\Controller\CommonController.class.php 第 16 行.
SQL: SHOW COLUMNS FROM `supplier_user` [ RunTime:0.0080s ]
SQL: SHOW COLUMNS FROM `system_admin_powers` [ RunTime:0.0080s ]
SQL: SHOW COLUMNS FROM `system_admin_role` [ RunTime:0.0070s ]
SQL: SHOW COLUMNS FROM `system_admin_powers_node` [ RunTime:0.0060s ]
SQL: SELECT * FROM `supplier_user` WHERE `username` = 'maomao' LIMIT 1   [ RunTime:0.0070s ]

[ 2016-09-28T11:00:49+08:00 ] 127.0.0.1 /index.php/Home/Login/check_user
INFO: [ app_init ] --START--
INFO: Run Behavior\BuildLiteBehavior [ RunTime:0.000000s ]
INFO: [ app_init ] --END-- [ RunTime:0.000000s ]
INFO: [ app_begin ] --START--
INFO: Run Behavior\ReadHtmlCacheBehavior [ RunTime:0.000000s ]
INFO: [ app_begin ] --END-- [ RunTime:0.000000s ]
NOTIC: [8] Undefined index: userName D:\gong\admin\Home\Controller\CommonController.class.php 第 19 行.
NOTIC: [8] Undefined index: realName D:\gong\admin\Home\Controller\CommonController.class.php 第 20 行.
SQL: SHOW COLUMNS FROM `supplier_user` [ RunTime:0.0100s ]
SQL: SHOW COLUMNS FROM `system_admin_powers` [ RunTime:0.0100s ]
SQL: SHOW COLUMNS FROM `system_admin_role` [ RunTime:0.0100s ]
SQL: SHOW COLUMNS FROM `system_admin_powers_node` [ RunTime:0.0100s ]
SQL: SELECT * FROM `supplier_user` WHERE `username` = 'maomao' LIMIT 1   [ RunTime:0.0100s ]

[ 2016-09-28T11:00:49+08:00 ] 127.0.0.1 /index.php/Home/Login
INFO: [ app_init ] --START--
INFO: Run Behavior\BuildLiteBehavior [ RunTime:0.000000s ]
INFO: [ app_init ] --END-- [ RunTime:0.001000s ]
INFO: [ app_begin ] --START--
INFO: Run Behavior\ReadHtmlCacheBehavior [ RunTime:0.001000s ]
INFO: [ app_begin ] --END-- [ RunTime:0.001000s ]
NOTIC: [8] Undefined index: userName D:\gong\admin\Home\Controller\CommonController.class.php 第 19 行.
NOTIC: [8] Undefined index: realName D:\gong\admin\Home\Controller\CommonController.class.php 第 20 行.
INFO: [ view_parse ] --START--
INFO: [ template_filter ] --START--
INFO: Run Behavior\ContentReplaceBehavior [ RunTime:0.000000s ]
INFO: [ template_filter ] --END-- [ RunTime:0.001000s ]
INFO: Run Behavior\ParseTemplateBehavior [ RunTime:0.007000s ]
INFO: [ view_parse ] --END-- [ RunTime:0.007000s ]
INFO: [ view_filter ] --START--
INFO: Run Behavior\WriteHtmlCacheBehavior [ RunTime:0.001000s ]
INFO: [ view_filter ] --END-- [ RunTime:0.001000s ]
INFO: [ app_end ] --START--
INFO: Run Behavior\ShowPageTraceBehavior [ RunTime:0.001000s ]
INFO: [ app_end ] --END-- [ RunTime:0.001000s ]

[ 2016-09-28T11:00:51+08:00 ] 127.0.0.1 /index.php/Home/Login
INFO: [ app_init ] --START--
INFO: Run Behavior\BuildLiteBehavior [ RunTime:0.000000s ]
INFO: [ app_init ] --END-- [ RunTime:0.001000s ]
INFO: [ app_begin ] --START--
INFO: Run Behavior\ReadHtmlCacheBehavior [ RunTime:0.001000s ]
INFO: [ app_begin ] --END-- [ RunTime:0.001000s ]
NOTIC: [8] Undefined index: userName D:\gong\admin\Home\Controller\CommonController.class.php 第 19 行.
NOTIC: [8] Undefined index: realName D:\gong\admin\Home\Controller\CommonController.class.php 第 20 行.
INFO: [ view_parse ] --START--
INFO: [ template_filter ] --START--
INFO: Run Behavior\ContentReplaceBehavior [ RunTime:0.000000s ]
INFO: [ template_filter ] --END-- [ RunTime:0.001000s ]
INFO: Run Behavior\ParseTemplateBehavior [ RunTime:0.008001s ]
INFO: [ view_parse ] --END-- [ RunTime:0.009001s ]
INFO: [ view_filter ] --START--
INFO: Run Behavior\WriteHtmlCacheBehavior [ RunTime:0.000000s ]
INFO: [ view_filter ] --END-- [ RunTime:0.001000s ]
INFO: [ app_end ] --START--
INFO: Run Behavior\ShowPageTraceBehavior [ RunTime:0.000000s ]
INFO: [ app_end ] --END-- [ RunTime:0.001000s ]

[ 2016-09-28T11:00:52+08:00 ] 127.0.0.1 /index.php/Home/Login/check_user
INFO: [ app_init ] --START--
INFO: Run Behavior\BuildLiteBehavior [ RunTime:0.000000s ]
INFO: [ app_init ] --END-- [ RunTime:0.000000s ]
INFO: [ app_begin ] --START--
INFO: Run Behavior\ReadHtmlCacheBehavior [ RunTime:0.010000s ]
INFO: [ app_begin ] --END-- [ RunTime:0.010000s ]
NOTIC: [8] Undefined index: userName D:\gong\admin\Home\Controller\CommonController.class.php 第 19 行.
NOTIC: [8] Undefined index: realName D:\gong\admin\Home\Controller\CommonController.class.php 第 20 行.
SQL: SHOW COLUMNS FROM `supplier_user` [ RunTime:0.0100s ]
SQL: SHOW COLUMNS FROM `system_admin_powers` [ RunTime:0.0100s ]
SQL: SHOW COLUMNS FROM `system_admin_role` [ RunTime:0.0000s ]
SQL: SHOW COLUMNS FROM `system_admin_powers_node` [ RunTime:0.0100s ]
SQL: SELECT * FROM `supplier_user` WHERE `username` = 'maomao' LIMIT 1   [ RunTime:0.0100s ]

[ 2016-09-28T11:00:52+08:00 ] 127.0.0.1 /index.php/Home/Login/check_user
INFO: [ app_init ] --START--
INFO: Run Behavior\BuildLiteBehavior [ RunTime:0.000000s ]
INFO: [ app_init ] --END-- [ RunTime:0.002000s ]
INFO: [ app_begin ] --START--
INFO: Run Behavior\ReadHtmlCacheBehavior [ RunTime:0.001000s ]
INFO: [ app_begin ] --END-- [ RunTime:0.001000s ]
NOTIC: [8] Undefined index: userName D:\gong\admin\Home\Controller\CommonController.class.php 第 19 行.
NOTIC: [8] Undefined index: realName D:\gong\admin\Home\Controller\CommonController.class.php 第 20 行.
SQL: SHOW COLUMNS FROM `supplier_user` [ RunTime:0.0000s ]
SQL: SHOW COLUMNS FROM `system_admin_powers` [ RunTime:0.0100s ]
SQL: SHOW COLUMNS FROM `system_admin_role` [ RunTime:0.0100s ]
SQL: SHOW COLUMNS FROM `system_admin_powers_node` [ RunTime:0.0070s ]
SQL: SELECT * FROM `supplier_user` WHERE `username` = 'maomao' LIMIT 1   [ RunTime:0.0070s ]

[ 2016-09-28T11:00:52+08:00 ] 127.0.0.1 /index.php/Home/Login/check_user
INFO: [ app_init ] --START--
INFO: Run Behavior\BuildLiteBehavior [ RunTime:0.000000s ]
INFO: [ app_init ] --END-- [ RunTime:0.001000s ]
INFO: [ app_begin ] --START--
INFO: Run Behavior\ReadHtmlCacheBehavior [ RunTime:0.001000s ]
INFO: [ app_begin ] --END-- [ RunTime:0.001000s ]
NOTIC: [8] Undefined index: userName D:\gong\admin\Home\Controller\CommonController.class.php 第 19 行.
NOTIC: [8] Undefined index: realName D:\gong\admin\Home\Controller\CommonController.class.php 第 20 行.
SQL: SHOW COLUMNS FROM `supplier_user` [ RunTime:0.0070s ]
SQL: SHOW COLUMNS FROM `system_admin_powers` [ RunTime:0.0070s ]
SQL: SHOW COLUMNS FROM `system_admin_role` [ RunTime:0.0070s ]
SQL: SHOW COLUMNS FROM `system_admin_powers_node` [ RunTime:0.0080s ]
SQL: SELECT * FROM `supplier_user` WHERE `username` = 'maomao' LIMIT 1   [ RunTime:0.0070s ]

[ 2016-09-28T11:00:55+08:00 ] 127.0.0.1 /index.php/Home/Login/home
INFO: [ app_init ] --START--
INFO: Run Behavior\BuildLiteBehavior [ RunTime:0.000000s ]
INFO: [ app_init ] --END-- [ RunTime:0.001000s ]
INFO: [ app_begin ] --START--
INFO: Run Behavior\ReadHtmlCacheBehavior [ RunTime:0.001000s ]
INFO: [ app_begin ] --END-- [ RunTime:0.001000s ]
NOTIC: [8] Undefined index: userName D:\gong\admin\Home\Controller\CommonController.class.php 第 19 行.
NOTIC: [8] Undefined index: realName D:\gong\admin\Home\Controller\CommonController.class.php 第 20 行.
INFO: [ app_end ] --START--
INFO: Run Behavior\ShowPageTraceBehavior [ RunTime:0.000000s ]
INFO: [ app_end ] --END-- [ RunTime:0.000000s ]

[ 2016-09-28T11:00:55+08:00 ] 127.0.0.1 /index.php/Home/Login/home
INFO: [ app_init ] --START--
INFO: Run Behavior\BuildLiteBehavior [ RunTime:0.000000s ]
INFO: [ app_init ] --END-- [ RunTime:0.001000s ]
INFO: [ app_begin ] --START--
INFO: Run Behavior\ReadHtmlCacheBehavior [ RunTime:0.001000s ]
INFO: [ app_begin ] --END-- [ RunTime:0.001000s ]
NOTIC: [8] Undefined index: userName D:\gong\admin\Home\Controller\CommonController.class.php 第 19 行.
NOTIC: [8] Undefined index: realName D:\gong\admin\Home\Controller\CommonController.class.php 第 20 行.
INFO: [ app_end ] --START--
INFO: Run Behavior\ShowPageTraceBehavior [ RunTime:0.002001s ]
INFO: [ app_end ] --END-- [ RunTime:0.002001s ]

[ 2016-09-28T11:00:55+08:00 ] 127.0.0.1 /index.php/Home/Login/home
INFO: [ app_init ] --START--
INFO: Run Behavior\BuildLiteBehavior [ RunTime:0.000000s ]
INFO: [ app_init ] --END-- [ RunTime:0.001000s ]
INFO: [ app_begin ] --START--
INFO: Run Behavior\ReadHtmlCacheBehavior [ RunTime:0.000000s ]
INFO: [ app_begin ] --END-- [ RunTime:0.000000s ]
NOTIC: [8] Undefined index: userName D:\gong\admin\Home\Controller\CommonController.class.php 第 19 行.
NOTIC: [8] Undefined index: realName D:\gong\admin\Home\Controller\CommonController.class.php 第 20 行.
INFO: [ app_end ] --START--
INFO: Run Behavior\ShowPageTraceBehavior [ RunTime:0.001000s ]
INFO: [ app_end ] --END-- [ RunTime:0.005000s ]

[ 2016-09-28T11:02:02+08:00 ] 127.0.0.1 /index.php/Home/Login/home
INFO: [ app_init ] --START--
INFO: Run Behavior\BuildLiteBehavior [ RunTime:0.000000s ]
INFO: [ app_init ] --END-- [ RunTime:0.000000s ]
INFO: [ app_begin ] --START--
INFO: Run Behavior\ReadHtmlCacheBehavior [ RunTime:0.000000s ]
INFO: [ app_begin ] --END-- [ RunTime:0.000000s ]
INFO: [ app_end ] --START--
INFO: Run Behavior\ShowPageTraceBehavior [ RunTime:0.001000s ]
INFO: [ app_end ] --END-- [ RunTime:0.001000s ]

[ 2016-09-28T11:02:12+08:00 ] 127.0.0.1 /index.php/Home/home
INFO: [ app_init ] --START--
INFO: Run Behavior\BuildLiteBehavior [ RunTime:0.000000s ]
INFO: [ app_init ] --END-- [ RunTime:0.001000s ]
INFO: [ app_begin ] --START--
INFO: Run Behavior\ReadHtmlCacheBehavior [ RunTime:0.001000s ]
INFO: [ app_begin ] --END-- [ RunTime:0.001000s ]
ERR: 模板不存在:./admin/Home/View/Home/admin_goods_list.html

[ 2016-09-28T11:02:14+08:00 ] 127.0.0.1 /index.php/Home/home
INFO: [ app_init ] --START--
INFO: Run Behavior\BuildLiteBehavior [ RunTime:0.000000s ]
INFO: [ app_init ] --END-- [ RunTime:0.001000s ]
INFO: [ app_begin ] --START--
INFO: Run Behavior\ReadHtmlCacheBehavior [ RunTime:0.001000s ]
INFO: [ app_begin ] --END-- [ RunTime:0.001000s ]
ERR: 模板不存在:./admin/Home/View/Home/admin_goods_list.html

[ 2016-09-28T11:02:14+08:00 ] 127.0.0.1 /index.php/Home/home
INFO: [ app_init ] --START--
INFO: Run Behavior\BuildLiteBehavior [ RunTime:0.000000s ]
INFO: [ app_init ] --END-- [ RunTime:0.001000s ]
INFO: [ app_begin ] --START--
INFO: Run Behavior\ReadHtmlCacheBehavior [ RunTime:0.004000s ]
INFO: [ app_begin ] --END-- [ RunTime:0.006000s ]
ERR: 模板不存在:./admin/Home/View/Home/admin_goods_list.html

[ 2016-09-28T11:02:35+08:00 ] 127.0.0.1 /index.php/Home/home
INFO: [ app_init ] --START--
INFO: Run Behavior\BuildLiteBehavior [ RunTime:0.000000s ]
INFO: [ app_init ] --END-- [ RunTime:0.000000s ]
INFO: [ app_begin ] --START--
INFO: Run Behavior\ReadHtmlCacheBehavior [ RunTime:0.001000s ]
INFO: [ app_begin ] --END-- [ RunTime:0.001000s ]
ERR: 模板不存在:./admin/Home/View/Home/admin_goods_list.html
NOTIC: [2] include(): Filename cannot be empty D:\gong\ThinkPHP\Library\Think\Think.class.php 第 314 行.
NOTIC: [2] include(): Failed opening '' for inclusion (include_path='.;C:\php\pear') D:\gong\ThinkPHP\Library\Think\Think.class.php 第 314 行.

[ 2016-09-28T11:02:36+08:00 ] 127.0.0.1 /index.php/Home/home
INFO: [ app_init ] --START--
INFO: Run Behavior\BuildLiteBehavior [ RunTime:0.000000s ]
INFO: [ app_init ] --END-- [ RunTime:0.001000s ]
INFO: [ app_begin ] --START--
INFO: Run Behavior\ReadHtmlCacheBehavior [ RunTime:0.000000s ]
INFO: [ app_begin ] --END-- [ RunTime:0.002000s ]
ERR: 模板不存在:./admin/Home/View/Home/admin_goods_list.html
NOTIC: [2] include(): Filename cannot be empty D:\gong\ThinkPHP\Library\Think\Think.class.php 第 314 行.
NOTIC: [2] include(): Failed opening '' for inclusion (include_path='.;C:\php\pear') D:\gong\ThinkPHP\Library\Think\Think.class.php 第 314 行.

[ 2016-09-28T11:02:36+08:00 ] 127.0.0.1 /index.php/Home/home
INFO: [ app_init ] --START--
INFO: Run Behavior\BuildLiteBehavior [ RunTime:0.000000s ]
INFO: [ app_init ] --END-- [ RunTime:0.001000s ]
INFO: [ app_begin ] --START--
INFO: Run Behavior\ReadHtmlCacheBehavior [ RunTime:0.001001s ]
INFO: [ app_begin ] --END-- [ RunTime:0.001001s ]
ERR: 模板不存在:./admin/Home/View/Home/admin_goods_list.html
NOTIC: [2] include(): Filename cannot be empty D:\gong\ThinkPHP\Library\Think\Think.class.php 第 314 行.
NOTIC: [2] include(): Failed opening '' for inclusion (include_path='.;C:\php\pear') D:\gong\ThinkPHP\Library\Think\Think.class.php 第 314 行.

[ 2016-09-28T11:02:36+08:00 ] 127.0.0.1 /index.php/Home/home
INFO: [ app_init ] --START--
INFO: Run Behavior\BuildLiteBehavior [ RunTime:0.000000s ]
INFO: [ app_init ] --END-- [ RunTime:0.001000s ]
INFO: [ app_begin ] --START--
INFO: Run Behavior\ReadHtmlCacheBehavior [ RunTime:0.001000s ]
INFO: [ app_begin ] --END-- [ RunTime:0.001000s ]
ERR: 模板不存在:./admin/Home/View/Home/admin_goods_list.html
NOTIC: [2] include(): Filename cannot be empty D:\gong\ThinkPHP\Library\Think\Think.class.php 第 314 行.
NOTIC: [2] include(): Failed opening '' for inclusion (include_path='.;C:\php\pear') D:\gong\ThinkPHP\Library\Think\Think.class.php 第 314 行.

[ 2016-09-28T11:02:44+08:00 ] 127.0.0.1 /index.php/Home/home
INFO: [ app_init ] --START--
INFO: Run Behavior\BuildLiteBehavior [ RunTime:0.000000s ]
INFO: [ app_init ] --END-- [ RunTime:0.001000s ]
INFO: [ app_begin ] --START--
INFO: Run Behavior\ReadHtmlCacheBehavior [ RunTime:0.001000s ]
INFO: [ app_begin ] --END-- [ RunTime:0.001000s ]
ERR: 模板不存在:./admin/Home/View/Home/admin_goods_list.html

[ 2016-09-28T11:10:00+08:00 ] 127.0.0.1 /index.php/Home/home
INFO: [ app_init ] --START--
INFO: Run Behavior\BuildLiteBehavior [ RunTime:0.000000s ]
INFO: [ app_init ] --END-- [ RunTime:0.001000s ]
INFO: [ app_begin ] --START--
INFO: Run Behavior\ReadHtmlCacheBehavior [ RunTime:0.001000s ]
INFO: [ app_begin ] --END-- [ RunTime:0.001000s ]
ERR: 模板不存在:./admin/Home/View/Home/admin_goods_list.html

[ 2016-09-28T11:51:58+08:00 ] 127.0.0.1 /index.php/Home/home
INFO: [ app_init ] --START--
INFO: Run Behavior\BuildLiteBehavior [ RunTime:0.000000s ]
INFO: [ app_init ] --END-- [ RunTime:0.001000s ]
INFO: [ app_begin ] --START--
INFO: Run Behavior\ReadHtmlCacheBehavior [ RunTime:0.001000s ]
INFO: [ app_begin ] --END-- [ RunTime:0.001000s ]
INFO: [ view_parse ] --START--
INFO: [ template_filter ] --START--
INFO: Run Behavior\ContentReplaceBehavior [ RunTime:0.000000s ]
INFO: [ template_filter ] --END-- [ RunTime:0.000000s ]
INFO: Run Behavior\ParseTemplateBehavior [ RunTime:0.028002s ]
INFO: [ view_parse ] --END-- [ RunTime:0.029002s ]
INFO: [ view_filter ] --START--
INFO: Run Behavior\WriteHtmlCacheBehavior [ RunTime:0.001000s ]
INFO: [ view_filter ] --END-- [ RunTime:0.001000s ]
INFO: [ app_end ] --START--
INFO: Run Behavior\ShowPageTraceBehavior [ RunTime:0.001000s ]
INFO: [ app_end ] --END-- [ RunTime:0.001000s ]

[ 2016-09-28T11:53:28+08:00 ] 127.0.0.1 /index.php/Home/home
INFO: [ app_init ] --START--
INFO: Run Behavior\BuildLiteBehavior [ RunTime:0.000000s ]
INFO: [ app_init ] --END-- [ RunTime:0.001000s ]
INFO: [ app_begin ] --START--
INFO: Run Behavior\ReadHtmlCacheBehavior [ RunTime:0.001000s ]
INFO: [ app_begin ] --END-- [ RunTime:0.001000s ]
INFO: [ view_parse ] --START--
INFO: [ template_filter ] --START--
INFO: Run Behavior\ContentReplaceBehavior [ RunTime:0.000000s ]
INFO: [ template_filter ] --END-- [ RunTime:0.001000s ]
INFO: Run Behavior\ParseTemplateBehavior [ RunTime:0.009001s ]
INFO: [ view_parse ] --END-- [ RunTime:0.011001s ]
INFO: [ view_filter ] --START--
INFO: Run Behavior\WriteHtmlCacheBehavior [ RunTime:0.000000s ]
INFO: [ view_filter ] --END-- [ RunTime:0.000000s ]
INFO: [ app_end ] --START--
INFO: Run Behavior\ShowPageTraceBehavior [ RunTime:0.000000s ]
INFO: [ app_end ] --END-- [ RunTime:0.000000s ]

[ 2016-09-28T11:53:28+08:00 ] 127.0.0.1 /index.php/Home/home
INFO: [ app_init ] --START--
INFO: Run Behavior\BuildLiteBehavior [ RunTime:0.000000s ]
INFO: [ app_init ] --END-- [ RunTime:0.001001s ]
INFO: [ app_begin ] --START--
INFO: Run Behavior\ReadHtmlCacheBehavior [ RunTime:0.002000s ]
INFO: [ app_begin ] --END-- [ RunTime:0.002000s ]
INFO: [ view_parse ] --START--
INFO: [ template_filter ] --START--
INFO: Run Behavior\ContentReplaceBehavior [ RunTime:0.000000s ]
INFO: [ template_filter ] --END-- [ RunTime:0.001000s ]
INFO: Run Behavior\ParseTemplateBehavior [ RunTime:0.009001s ]
INFO: [ view_parse ] --END-- [ RunTime:0.009001s ]
INFO: [ view_filter ] --START--
INFO: Run Behavior\WriteHtmlCacheBehavior [ RunTime:0.000000s ]
INFO: [ view_filter ] --END-- [ RunTime:0.000000s ]
INFO: [ app_end ] --START--
INFO: Run Behavior\ShowPageTraceBehavior [ RunTime:0.000000s ]
INFO: [ app_end ] --END-- [ RunTime:0.001000s ]

[ 2016-09-28T11:53:29+08:00 ] 127.0.0.1 /index.php/Home/home
INFO: [ app_init ] --START--
INFO: Run Behavior\BuildLiteBehavior [ RunTime:0.000000s ]
INFO: [ app_init ] --END-- [ RunTime:0.000000s ]
INFO: [ app_begin ] --START--
INFO: Run Behavior\ReadHtmlCacheBehavior [ RunTime:0.000000s ]
INFO: [ app_begin ] --END-- [ RunTime:0.001000s ]
INFO: [ view_parse ] --START--
INFO: [ template_filter ] --START--
INFO: Run Behavior\ContentReplaceBehavior [ RunTime:0.000000s ]
INFO: [ template_filter ] --END-- [ RunTime:0.000000s ]
INFO: Run Behavior\ParseTemplateBehavior [ RunTime:0.007001s ]
INFO: [ view_parse ] --END-- [ RunTime:0.007001s ]
INFO: [ view_filter ] --START--
INFO: Run Behavior\WriteHtmlCacheBehavior [ RunTime:0.000000s ]
INFO: [ view_filter ] --END-- [ RunTime:0.001000s ]
INFO: [ app_end ] --START--
INFO: Run Behavior\ShowPageTraceBehavior [ RunTime:0.001000s ]
INFO: [ app_end ] --END-- [ RunTime:0.001000s ]

[ 2016-09-28T11:53:29+08:00 ] 127.0.0.1 /index.php/Home/home
INFO: [ app_init ] --START--
INFO: Run Behavior\BuildLiteBehavior [ RunTime:0.000000s ]
INFO: [ app_init ] --END-- [ RunTime:0.002001s ]
INFO: [ app_begin ] --START--
INFO: Run Behavior\ReadHtmlCacheBehavior [ RunTime:0.001000s ]
INFO: [ app_begin ] --END-- [ RunTime:0.002000s ]
INFO: [ view_parse ] --START--
INFO: [ template_filter ] --START--
INFO: Run Behavior\ContentReplaceBehavior [ RunTime:0.000000s ]
INFO: [ template_filter ] --END-- [ RunTime:0.000000s ]
INFO: Run Behavior\ParseTemplateBehavior [ RunTime:0.011001s ]
INFO: [ view_parse ] --END-- [ RunTime:0.012001s ]
INFO: [ view_filter ] --START--
INFO: Run Behavior\WriteHtmlCacheBehavior [ RunTime:0.001000s ]
INFO: [ view_filter ] --END-- [ RunTime:0.001000s ]
INFO: [ app_end ] --START--
INFO: Run Behavior\ShowPageTraceBehavior [ RunTime:0.001000s ]
INFO: [ app_end ] --END-- [ RunTime:0.001000s ]

